<?xml version="1.0" encoding="UTF-8"?>
<coverage generated="1774432298834" clover="3.2.0">
  <project timestamp="1774432298834" name="All files">
    <metrics statements="535" coveredstatements="303" conditionals="363" coveredconditionals="178" methods="215" coveredmethods="143" elements="1113" coveredelements="624" complexity="0" loc="535" ncloc="535" packages="10" files="24" classes="24"/>
    <package name="electron">
      <metrics statements="71" coveredstatements="34" conditionals="26" coveredconditionals="0" methods="7" coveredmethods="0"/>
      <file name="config.ts" path="/Users/dkanbora/personal/AIchemist-ui/electron/config.ts">
        <metrics statements="38" coveredstatements="1" conditionals="26" coveredconditionals="0" methods="7" coveredmethods="0"/>
        <line num="4" count="1" type="stmt"/>
        <line num="11" count="0" type="stmt"/>
        <line num="12" count="0" type="stmt"/>
        <line num="16" count="0" type="stmt"/>
        <line num="25" count="0" type="stmt"/>
        <line num="26" count="0" type="cond" truecount="0" falsecount="2"/>
        <line num="29" count="0" type="stmt"/>
        <line num="35" count="0" type="stmt"/>
        <line num="36" count="0" type="stmt"/>
        <line num="37" count="0" type="stmt"/>
        <line num="38" count="0" type="stmt"/>
        <line num="39" count="0" type="stmt"/>
        <line num="44" count="0" type="stmt"/>
        <line num="45" count="0" type="cond" truecount="0" falsecount="2"/>
        <line num="47" count="0" type="stmt"/>
        <line num="53" count="0" type="stmt"/>
        <line num="58" count="0" type="cond" truecount="0" falsecount="2"/>
        <line num="59" count="0" type="stmt"/>
        <line num="60" count="0" type="stmt"/>
        <line num="61" count="0" type="cond" truecount="0" falsecount="2"/>
        <line num="63" count="0" type="stmt"/>
        <line num="74" count="0" type="stmt"/>
        <line num="75" count="0" type="cond" truecount="0" falsecount="4"/>
        <line num="77" count="0" type="stmt"/>
        <line num="79" count="0" type="cond" truecount="0" falsecount="6"/>
        <line num="81" count="0" type="stmt"/>
        <line num="84" count="0" type="stmt"/>
        <line num="86" count="0" type="stmt"/>
        <line num="87" count="0" type="stmt"/>
        <line num="89" count="0" type="stmt"/>
        <line num="92" count="0" type="stmt"/>
        <line num="93" count="0" type="stmt"/>
        <line num="95" count="0" type="stmt"/>
        <line num="98" count="0" type="stmt"/>
        <line num="109" count="0" type="stmt"/>
        <line num="110" count="0" type="cond" truecount="0" falsecount="4"/>
        <line num="113" count="0" type="cond" truecount="0" falsecount="2"/>
        <line num="116" count="0" type="stmt"/>
      </file>
      <file name="ipc-channels.ts" path="/Users/dkanbora/personal/AIchemist-ui/electron/ipc-channels.ts">
        <metrics statements="33" coveredstatements="33" conditionals="0" coveredconditionals="0" methods="0" coveredmethods="0"/>
        <line num="14" count="1" type="stmt"/>
        <line num="15" count="1" type="stmt"/>
        <line num="18" count="1" type="stmt"/>
        <line num="19" count="1" type="stmt"/>
        <line num="20" count="1" type="stmt"/>
        <line num="21" count="1" type="stmt"/>
        <line num="22" count="1" type="stmt"/>
        <line num="25" count="1" type="stmt"/>
        <line num="26" count="1" type="stmt"/>
        <line num="27" count="1" type="stmt"/>
        <line num="28" count="1" type="stmt"/>
        <line num="29" count="1" type="stmt"/>
        <line num="30" count="1" type="stmt"/>
        <line num="31" count="1" type="stmt"/>
        <line num="32" count="1" type="stmt"/>
        <line num="33" count="1" type="stmt"/>
        <line num="36" count="1" type="stmt"/>
        <line num="37" count="1" type="stmt"/>
        <line num="40" count="1" type="stmt"/>
        <line num="43" count="1" type="stmt"/>
        <line num="44" count="1" type="stmt"/>
        <line num="45" count="1" type="stmt"/>
        <line num="46" count="1" type="stmt"/>
        <line num="47" count="1" type="stmt"/>
        <line num="48" count="1" type="stmt"/>
        <line num="51" count="1" type="stmt"/>
        <line num="52" count="1" type="stmt"/>
        <line num="53" count="1" type="stmt"/>
        <line num="54" count="1" type="stmt"/>
        <line num="55" count="1" type="stmt"/>
        <line num="56" count="1" type="stmt"/>
        <line num="57" count="1" type="stmt"/>
        <line num="58" count="1" type="stmt"/>
      </file>
    </package>
    <package name="electron.agent">
      <metrics statements="167" coveredstatements="13" conditionals="120" coveredconditionals="10" methods="34" coveredmethods="1"/>
      <file name="approval.ts" path="/Users/dkanbora/personal/AIchemist-ui/electron/agent/approval.ts">
        <metrics statements="14" coveredstatements="1" conditionals="8" coveredconditionals="0" methods="5" coveredmethods="0"/>
        <line num="10" count="1" type="stmt"/>
        <line num="20" count="0" type="stmt"/>
        <line num="21" count="0" type="cond" truecount="0" falsecount="2"/>
        <line num="22" count="0" type="stmt"/>
        <line num="23" count="0" type="stmt"/>
        <line num="36" count="0" type="stmt"/>
        <line num="37" count="0" type="stmt"/>
        <line num="38" count="0" type="stmt"/>
        <line num="39" count="0" type="stmt"/>
        <line num="61" count="0" type="cond" truecount="0" falsecount="2"/>
        <line num="62" count="0" type="cond" truecount="0" falsecount="2"/>
        <line num="63" count="0" type="cond" truecount="0" falsecount="2"/>
        <line num="64" count="0" type="stmt"/>
        <line num="65" count="0" type="stmt"/>
      </file>
      <file name="claude.ts" path="/Users/dkanbora/personal/AIchemist-ui/electron/agent/claude.ts">
        <metrics statements="93" coveredstatements="12" conditionals="84" coveredconditionals="10" methods="13" coveredmethods="1"/>
        <line num="22" count="0" type="stmt"/>
        <line num="24" count="0" type="cond" truecount="0" falsecount="4"/>
        <line num="25" count="0" type="stmt"/>
        <line num="27" count="0" type="cond" truecount="0" falsecount="4"/>
        <line num="28" count="0" type="stmt"/>
        <line num="30" count="0" type="cond" truecount="0" falsecount="4"/>
        <line num="31" count="0" type="stmt"/>
        <line num="33" count="0" type="stmt"/>
        <line num="38" count="0" type="cond" truecount="0" falsecount="2"/>
        <line num="39" count="0" type="cond" truecount="0" falsecount="2"/>
        <line num="40" count="0" type="stmt"/>
        <line num="42" count="0" type="cond" truecount="0" falsecount="2"/>
        <line num="43" count="0" type="stmt"/>
        <line num="44" count="0" type="cond" truecount="0" falsecount="2"/>
        <line num="48" count="0" type="cond" truecount="0" falsecount="2"/>
        <line num="61" count="10" type="stmt"/>
        <line num="62" count="10" type="cond" truecount="2" falsecount="0"/>
        <line num="63" count="9" type="stmt"/>
        <line num="65" count="9" type="stmt"/>
        <line num="66" count="9" type="cond" truecount="2" falsecount="0"/>
        <line num="67" count="8" type="stmt"/>
        <line num="69" count="8" type="stmt"/>
        <line num="70" count="8" type="cond" truecount="2" falsecount="0"/>
        <line num="74" count="10" type="stmt"/>
        <line num="75" count="10" type="cond" truecount="2" falsecount="0"/>
        <line num="79" count="10" type="cond" truecount="2" falsecount="0"/>
        <line num="84" count="0" type="stmt"/>
        <line num="85" count="0" type="stmt"/>
        <line num="86" count="0" type="stmt"/>
        <line num="88" count="0" type="cond" truecount="0" falsecount="2"/>
        <line num="90" count="0" type="stmt"/>
        <line num="91" count="0" type="stmt"/>
        <line num="95" count="0" type="stmt"/>
        <line num="96" count="0" type="cond" truecount="0" falsecount="2"/>
        <line num="98" count="0" type="stmt"/>
        <line num="102" count="0" type="stmt"/>
        <line num="118" count="0" type="stmt"/>
        <line num="119" count="0" type="stmt"/>
        <line num="120" count="0" type="stmt"/>
        <line num="121" count="0" type="stmt"/>
        <line num="122" count="0" type="stmt"/>
        <line num="130" count="0" type="stmt"/>
        <line num="131" count="0" type="stmt"/>
        <line num="133" count="0" type="stmt"/>
        <line num="140" count="0" type="stmt"/>
        <line num="143" count="0" type="stmt"/>
        <line num="144" count="0" type="stmt"/>
        <line num="159" count="0" type="stmt"/>
        <line num="163" count="0" type="stmt"/>
        <line num="166" count="0" type="stmt"/>
        <line num="169" count="0" type="stmt"/>
        <line num="172" count="0" type="stmt"/>
        <line num="175" count="0" type="stmt"/>
        <line num="195" count="0" type="stmt"/>
        <line num="196" count="0" type="stmt"/>
        <line num="199" count="0" type="stmt"/>
        <line num="201" count="0" type="stmt"/>
        <line num="202" count="0" type="stmt"/>
        <line num="203" count="0" type="cond" truecount="0" falsecount="2"/>
        <line num="205" count="0" type="stmt"/>
        <line num="206" count="0" type="cond" truecount="0" falsecount="2"/>
        <line num="207" count="0" type="stmt"/>
        <line num="208" count="0" type="cond" truecount="0" falsecount="2"/>
        <line num="209" count="0" type="stmt"/>
        <line num="210" count="0" type="cond" truecount="0" falsecount="4"/>
        <line num="211" count="0" type="stmt"/>
        <line num="212" count="0" type="stmt"/>
        <line num="219" count="0" type="cond" truecount="0" falsecount="2"/>
        <line num="222" count="0" type="stmt"/>
        <line num="223" count="0" type="stmt"/>
        <line num="224" count="0" type="stmt"/>
        <line num="225" count="0" type="cond" truecount="0" falsecount="4"/>
        <line num="226" count="0" type="cond" truecount="0" falsecount="2"/>
        <line num="227" count="0" type="stmt"/>
        <line num="234" count="0" type="cond" truecount="0" falsecount="2"/>
        <line num="236" count="0" type="cond" truecount="0" falsecount="2"/>
        <line num="237" count="0" type="stmt"/>
        <line num="238" count="0" type="stmt"/>
        <line num="239" count="0" type="cond" truecount="0" falsecount="4"/>
        <line num="240" count="0" type="cond" truecount="0" falsecount="2"/>
        <line num="241" count="0" type="stmt"/>
        <line num="242" count="0" type="stmt"/>
        <line num="249" count="0" type="cond" truecount="0" falsecount="2"/>
        <line num="250" count="0" type="stmt"/>
        <line num="254" count="0" type="stmt"/>
        <line num="258" count="0" type="cond" truecount="0" falsecount="4"/>
        <line num="259" count="0" type="stmt"/>
        <line num="265" count="0" type="stmt"/>
        <line num="270" count="1" type="stmt"/>
        <line num="272" count="0" type="stmt"/>
        <line num="275" count="0" type="cond" truecount="0" falsecount="2"/>
        <line num="277" count="0" type="stmt"/>
        <line num="281" count="0" type="stmt"/>
      </file>
      <file name="mcp-tools.ts" path="/Users/dkanbora/personal/AIchemist-ui/electron/agent/mcp-tools.ts">
        <metrics statements="29" coveredstatements="0" conditionals="6" coveredconditionals="0" methods="10" coveredmethods="0"/>
        <line num="17" count="0" type="stmt"/>
        <line num="33" count="0" type="stmt"/>
        <line num="44" count="0" type="stmt"/>
        <line num="50" count="0" type="cond" truecount="0" falsecount="2"/>
        <line num="51" count="0" type="stmt"/>
        <line num="52" count="0" type="cond" truecount="0" falsecount="2"/>
        <line num="53" count="0" type="stmt"/>
        <line num="54" count="0" type="stmt"/>
        <line num="55" count="0" type="stmt"/>
        <line num="59" count="0" type="stmt"/>
        <line num="60" count="0" type="stmt"/>
        <line num="61" count="0" type="stmt"/>
        <line num="65" count="0" type="stmt"/>
        <line num="69" count="0" type="stmt"/>
        <line num="73" count="0" type="stmt"/>
        <line num="77" count="0" type="stmt"/>
        <line num="82" count="0" type="stmt"/>
        <line num="90" count="0" type="stmt"/>
        <line num="92" count="0" type="stmt"/>
        <line num="93" count="0" type="cond" truecount="0" falsecount="2"/>
        <line num="94" count="0" type="stmt"/>
        <line num="95" count="0" type="stmt"/>
        <line num="96" count="0" type="stmt"/>
        <line num="99" count="0" type="stmt"/>
        <line num="100" count="0" type="stmt"/>
        <line num="101" count="0" type="stmt"/>
        <line num="106" count="0" type="stmt"/>
        <line num="110" count="0" type="stmt"/>
        <line num="113" count="0" type="stmt"/>
      </file>
      <file name="skills.ts" path="/Users/dkanbora/personal/AIchemist-ui/electron/agent/skills.ts">
        <metrics statements="15" coveredstatements="0" conditionals="8" coveredconditionals="0" methods="2" coveredmethods="0"/>
        <line num="10" count="0" type="stmt"/>
        <line num="15" count="0" type="stmt"/>
        <line num="16" count="0" type="stmt"/>
        <line num="17" count="0" type="stmt"/>
        <line num="19" count="0" type="stmt"/>
        <line num="20" count="0" type="cond" truecount="0" falsecount="2"/>
        <line num="25" count="0" type="stmt"/>
        <line num="36" count="0" type="cond" truecount="0" falsecount="2"/>
        <line num="38" count="0" type="stmt"/>
        <line num="39" count="0" type="stmt"/>
        <line num="40" count="0" type="stmt"/>
        <line num="41" count="0" type="cond" truecount="0" falsecount="2"/>
        <line num="42" count="0" type="stmt"/>
        <line num="46" count="0" type="cond" truecount="0" falsecount="2"/>
        <line num="48" count="0" type="stmt"/>
      </file>
      <file name="tool-impls.ts" path="/Users/dkanbora/personal/AIchemist-ui/electron/agent/tool-impls.ts">
        <metrics statements="16" coveredstatements="0" conditionals="14" coveredconditionals="0" methods="4" coveredmethods="0"/>
        <line num="16" count="0" type="stmt"/>
        <line num="17" count="0" type="stmt"/>
        <line num="18" count="0" type="stmt"/>
        <line num="19" count="0" type="stmt"/>
        <line num="21" count="0" type="cond" truecount="0" falsecount="2"/>
        <line num="28" count="0" type="stmt"/>
        <line num="29" count="0" type="stmt"/>
        <line num="30" count="0" type="stmt"/>
        <line num="32" count="0" type="cond" truecount="0" falsecount="2"/>
        <line num="40" count="0" type="stmt"/>
        <line num="45" count="0" type="stmt"/>
        <line num="53" count="0" type="stmt"/>
        <line num="54" count="0" type="stmt"/>
        <line num="55" count="0" type="stmt"/>
        <line num="56" count="0" type="stmt"/>
        <line num="63" count="0" type="cond" truecount="0" falsecount="2"/>
      </file>
    </package>
    <package name="src.components.layout">
      <metrics statements="14" coveredstatements="9" conditionals="11" coveredconditionals="2" methods="4" coveredmethods="3"/>
      <file name="AppShell.tsx" path="/Users/dkanbora/personal/AIchemist-ui/src/components/layout/AppShell.tsx">
        <metrics statements="14" coveredstatements="9" conditionals="11" coveredconditionals="2" methods="4" coveredmethods="3"/>
        <line num="10" count="2" type="stmt"/>
        <line num="11" count="2" type="stmt"/>
        <line num="12" count="2" type="stmt"/>
        <line num="15" count="2" type="stmt"/>
        <line num="18" count="2" type="stmt"/>
        <line num="19" count="0" type="cond" truecount="0" falsecount="5"/>
        <line num="20" count="0" type="stmt"/>
        <line num="21" count="0" type="stmt"/>
        <line num="23" count="0" type="cond" truecount="0" falsecount="4"/>
        <line num="24" count="0" type="stmt"/>
        <line num="28" count="2" type="stmt"/>
        <line num="29" count="2" type="stmt"/>
        <line num="30" count="2" type="stmt"/>
        <line num="33" count="2" type="stmt"/>
      </file>
    </package>
    <package name="src.components.session">
      <metrics statements="60" coveredstatements="56" conditionals="77" coveredconditionals="65" methods="26" coveredmethods="23"/>
      <file name="AgentsPanel.tsx" path="/Users/dkanbora/personal/AIchemist-ui/src/components/session/AgentsPanel.tsx">
        <metrics statements="29" coveredstatements="28" conditionals="42" coveredconditionals="38" methods="13" coveredmethods="12"/>
        <line num="20" count="12" type="stmt"/>
        <line num="57" count="2" type="stmt"/>
        <line num="78" count="40" type="stmt"/>
        <line num="91" count="20" type="stmt"/>
        <line num="92" count="20" type="stmt"/>
        <line num="93" count="20" type="stmt"/>
        <line num="95" count="20" type="stmt"/>
        <line num="96" count="20" type="cond" truecount="1" falsecount="1"/>
        <line num="98" count="20" type="stmt"/>
        <line num="99" count="20" type="stmt"/>
        <line num="100" count="20" type="stmt"/>
        <line num="102" count="20" type="cond" truecount="3" falsecount="1"/>
        <line num="105" count="20" type="stmt"/>
        <line num="106" count="10" type="cond" truecount="4" falsecount="0"/>
        <line num="107" count="9" type="stmt"/>
        <line num="108" count="9" type="stmt"/>
        <line num="109" count="9" type="stmt"/>
        <line num="112" count="1" type="stmt"/>
        <line num="116" count="20" type="stmt"/>
        <line num="117" count="10" type="cond" truecount="1" falsecount="1"/>
        <line num="118" count="10" type="stmt"/>
        <line num="119" count="10" type="stmt"/>
        <line num="122" count="0" type="stmt"/>
        <line num="126" count="2" type="cond" truecount="1" falsecount="1"/>
        <line num="127" count="2" type="cond" truecount="2" falsecount="0"/>
        <line num="130" count="20" type="stmt"/>
        <line num="157" count="12" type="stmt"/>
        <line num="161" count="2" type="stmt"/>
        <line num="181" count="2" type="stmt"/>
      </file>
      <file name="SessionTabBar.tsx" path="/Users/dkanbora/personal/AIchemist-ui/src/components/session/SessionTabBar.tsx">
        <metrics statements="30" coveredstatements="27" conditionals="26" coveredconditionals="18" methods="12" coveredmethods="10"/>
        <line num="16" count="14" type="stmt"/>
        <line num="19" count="14" type="stmt"/>
        <line num="20" count="8" type="stmt"/>
        <line num="21" count="1" type="stmt"/>
        <line num="24" count="14" type="stmt"/>
        <line num="25" count="6" type="stmt"/>
        <line num="27" count="6" type="stmt"/>
        <line num="29" count="6" type="stmt"/>
        <line num="30" count="6" type="stmt"/>
        <line num="31" count="6" type="cond" truecount="4" falsecount="0"/>
        <line num="32" count="4" type="stmt"/>
        <line num="39" count="14" type="stmt"/>
        <line num="40" count="1" type="stmt"/>
        <line num="41" count="1" type="stmt"/>
        <line num="42" count="1" type="stmt"/>
        <line num="43" count="1" type="stmt"/>
        <line num="45" count="0" type="stmt"/>
        <line num="49" count="14" type="stmt"/>
        <line num="51" count="1" type="stmt"/>
        <line num="52" count="1" type="stmt"/>
        <line num="53" count="1" type="stmt"/>
        <line num="58" count="14" type="stmt"/>
        <line num="65" count="6" type="stmt"/>
        <line num="66" count="6" type="cond" truecount="1" falsecount="1"/>
        <line num="69" count="6" type="cond" truecount="1" falsecount="1"/>
        <line num="72" count="6" type="cond" truecount="2" falsecount="0"/>
        <line num="73" count="6" type="stmt"/>
        <line num="76" count="0" type="stmt"/>
        <line num="110" count="1" type="stmt"/>
        <line num="111" count="0" type="cond" truecount="0" falsecount="2"/>
      </file>
      <file name="StatusDot.tsx" path="/Users/dkanbora/personal/AIchemist-ui/src/components/session/StatusDot.tsx">
        <metrics statements="1" coveredstatements="1" conditionals="9" coveredconditionals="9" methods="1" coveredmethods="1"/>
        <line num="10" count="17" type="stmt"/>
      </file>
    </package>
    <package name="src.components.ui">
      <metrics statements="8" coveredstatements="5" conditionals="8" coveredconditionals="4" methods="6" coveredmethods="3"/>
      <file name="badge.tsx" path="/Users/dkanbora/personal/AIchemist-ui/src/components/ui/badge.tsx">
        <metrics statements="2" coveredstatements="2" conditionals="1" coveredconditionals="1" methods="1" coveredmethods="1"/>
        <line num="7" count="1" type="stmt"/>
        <line num="36" count="3" type="stmt"/>
      </file>
      <file name="button.tsx" path="/Users/dkanbora/personal/AIchemist-ui/src/components/ui/button.tsx">
        <metrics statements="2" coveredstatements="2" conditionals="2" coveredconditionals="2" methods="1" coveredmethods="1"/>
        <line num="8" count="2" type="stmt"/>
        <line num="51" count="19" type="stmt"/>
      </file>
      <file name="tooltip.tsx" path="/Users/dkanbora/personal/AIchemist-ui/src/components/ui/tooltip.tsx">
        <metrics statements="4" coveredstatements="1" conditionals="5" coveredconditionals="1" methods="4" coveredmethods="1"/>
        <line num="11" count="18" type="stmt"/>
        <line num="21" count="0" type="stmt"/>
        <line num="25" count="0" type="stmt"/>
        <line num="41" count="0" type="stmt"/>
      </file>
    </package>
    <package name="src.lib">
      <metrics statements="41" coveredstatements="25" conditionals="6" coveredconditionals="6" methods="35" coveredmethods="19"/>
      <file name="ipc.ts" path="/Users/dkanbora/personal/AIchemist-ui/src/lib/ipc.ts">
        <metrics statements="32" coveredstatements="16" conditionals="0" coveredconditionals="0" methods="30" coveredmethods="14"/>
        <line num="7" count="6" type="stmt"/>
        <line num="9" count="0" type="stmt"/>
        <line num="10" count="0" type="stmt"/>
        <line num="13" count="0" type="stmt"/>
        <line num="14" count="0" type="stmt"/>
        <line num="15" count="0" type="stmt"/>
        <line num="16" count="0" type="stmt"/>
        <line num="18" count="0" type="stmt"/>
        <line num="21" count="1" type="stmt"/>
        <line num="22" count="6" type="stmt"/>
        <line num="23" count="0" type="stmt"/>
        <line num="24" count="1" type="stmt"/>
        <line num="26" count="10" type="stmt"/>
        <line num="28" count="9" type="stmt"/>
        <line num="30" count="0" type="stmt"/>
        <line num="32" count="0" type="stmt"/>
        <line num="34" count="0" type="stmt"/>
        <line num="37" count="0" type="stmt"/>
        <line num="38" count="0" type="stmt"/>
        <line num="41" count="0" type="stmt"/>
        <line num="44" count="6" type="stmt"/>
        <line num="46" count="3" type="stmt"/>
        <line num="50" count="10" type="stmt"/>
        <line num="52" count="1" type="stmt"/>
        <line num="53" count="0" type="stmt"/>
        <line num="54" count="9" type="stmt"/>
        <line num="55" count="0" type="stmt"/>
        <line num="56" count="10" type="stmt"/>
        <line num="66" count="126" type="stmt"/>
        <line num="67" count="126" type="stmt"/>
        <line num="68" count="126" type="stmt"/>
        <line num="74" count="6" type="stmt"/>
      </file>
      <file name="models.ts" path="/Users/dkanbora/personal/AIchemist-ui/src/lib/models.ts">
        <metrics statements="8" coveredstatements="8" conditionals="6" coveredconditionals="6" methods="4" coveredmethods="4"/>
        <line num="14" count="2" type="stmt"/>
        <line num="25" count="15" type="stmt"/>
        <line num="26" count="36" type="cond" truecount="2" falsecount="0"/>
        <line num="28" count="15" type="cond" truecount="2" falsecount="0"/>
        <line num="31" count="6" type="stmt"/>
        <line num="34" count="10" type="stmt"/>
        <line num="40" count="9" type="cond" truecount="2" falsecount="0"/>
        <line num="41" count="8" type="stmt"/>
      </file>
      <file name="utils.ts" path="/Users/dkanbora/personal/AIchemist-ui/src/lib/utils.ts">
        <metrics statements="1" coveredstatements="1" conditionals="0" coveredconditionals="0" methods="1" coveredmethods="1"/>
        <line num="5" count="65" type="stmt"/>
      </file>
    </package>
    <package name="src.lib.hooks">
      <metrics statements="92" coveredstatements="87" conditionals="63" coveredconditionals="52" methods="31" coveredmethods="28"/>
      <file name="useAgentTurn.ts" path="/Users/dkanbora/personal/AIchemist-ui/src/lib/hooks/useAgentTurn.ts">
        <metrics statements="30" coveredstatements="28" conditionals="12" coveredconditionals="11" methods="4" coveredmethods="4"/>
        <line num="24" count="31" type="stmt"/>
        <line num="26" count="31" type="stmt"/>
        <line num="28" count="31" type="stmt"/>
        <line num="30" count="11" type="cond" truecount="2" falsecount="0"/>
        <line num="32" count="10" type="stmt"/>
        <line num="33" count="10" type="stmt"/>
        <line num="34" count="10" type="cond" truecount="3" falsecount="1"/>
        <line num="38" count="10" type="stmt"/>
        <line num="39" count="10" type="stmt"/>
        <line num="45" count="0" type="stmt"/>
        <line num="46" count="0" type="stmt"/>
        <line num="48" count="10" type="stmt"/>
        <line num="51" count="10" type="cond" truecount="2" falsecount="0"/>
        <line num="52" count="9" type="cond" truecount="2" falsecount="0"/>
        <line num="53" count="9" type="stmt"/>
        <line num="54" count="9" type="stmt"/>
        <line num="59" count="10" type="stmt"/>
        <line num="60" count="10" type="stmt"/>
        <line num="61" count="10" type="stmt"/>
        <line num="62" count="10" type="cond" truecount="2" falsecount="0"/>
        <line num="64" count="11" type="stmt"/>
        <line num="65" count="11" type="stmt"/>
        <line num="66" count="9" type="stmt"/>
        <line num="67" count="9" type="stmt"/>
        <line num="70" count="1" type="stmt"/>
        <line num="71" count="1" type="stmt"/>
        <line num="72" count="1" type="stmt"/>
        <line num="73" count="1" type="stmt"/>
        <line num="74" count="1" type="stmt"/>
        <line num="92" count="31" type="stmt"/>
      </file>
      <file name="useSessionEvents.ts" path="/Users/dkanbora/personal/AIchemist-ui/src/lib/hooks/useSessionEvents.ts">
        <metrics statements="34" coveredstatements="33" conditionals="37" coveredconditionals="29" methods="14" coveredmethods="14"/>
        <line num="36" count="4" type="cond" truecount="2" falsecount="0"/>
        <line num="37" count="1" type="cond" truecount="4" falsecount="1"/>
        <line num="38" count="1" type="cond" truecount="1" falsecount="1"/>
        <line num="40" count="0" type="stmt"/>
        <line num="46" count="4" type="stmt"/>
        <line num="47" count="4" type="stmt"/>
        <line num="52" count="4" type="stmt"/>
        <line num="53" count="4" type="cond" truecount="2" falsecount="0"/>
        <line num="54" count="3" type="cond" truecount="2" falsecount="0"/>
        <line num="55" count="3" type="cond" truecount="2" falsecount="0"/>
        <line num="56" count="3" type="cond" truecount="1" falsecount="1"/>
        <line num="59" count="1" type="cond" truecount="1" falsecount="1"/>
        <line num="76" count="37" type="stmt"/>
        <line num="78" count="37" type="stmt"/>
        <line num="79" count="21" type="stmt"/>
        <line num="81" count="4" type="stmt"/>
        <line num="82" count="4" type="cond" truecount="4" falsecount="0"/>
        <line num="83" count="2" type="stmt"/>
        <line num="88" count="2" type="stmt"/>
        <line num="92" count="1" type="stmt"/>
        <line num="96" count="4" type="stmt"/>
        <line num="103" count="4" type="stmt"/>
        <line num="104" count="4" type="cond" truecount="2" falsecount="0"/>
        <line num="106" count="2" type="cond" truecount="1" falsecount="1"/>
        <line num="108" count="2" type="cond" truecount="3" falsecount="1"/>
        <line num="109" count="2" type="stmt"/>
        <line num="116" count="5" type="stmt"/>
        <line num="117" count="5" type="cond" truecount="2" falsecount="0"/>
        <line num="118" count="4" type="stmt"/>
        <line num="119" count="4" type="stmt"/>
        <line num="120" count="4" type="stmt"/>
        <line num="127" count="2" type="stmt"/>
        <line num="134" count="1" type="stmt"/>
        <line num="140" count="126" type="stmt"/>
      </file>
      <file name="useTheme.ts" path="/Users/dkanbora/personal/AIchemist-ui/src/lib/hooks/useTheme.ts">
        <metrics statements="28" coveredstatements="26" conditionals="14" coveredconditionals="12" methods="13" coveredmethods="10"/>
        <line num="6" count="1" type="stmt"/>
        <line num="9" count="10" type="cond" truecount="2" falsecount="0"/>
        <line num="10" count="7" type="cond" truecount="2" falsecount="0"/>
        <line num="11" count="5" type="stmt"/>
        <line num="15" count="10" type="stmt"/>
        <line num="20" count="0" type="stmt"/>
        <line num="21" count="0" type="cond" truecount="0" falsecount="2"/>
        <line num="26" count="10" type="stmt"/>
        <line num="27" count="6" type="cond" truecount="2" falsecount="0"/>
        <line num="31" count="10" type="stmt"/>
        <line num="32" count="10" type="stmt"/>
        <line num="36" count="10" type="stmt"/>
        <line num="37" count="10" type="cond" truecount="2" falsecount="0"/>
        <line num="38" count="5" type="stmt"/>
        <line num="39" count="5" type="stmt"/>
        <line num="40" count="5" type="stmt"/>
        <line num="41" count="5" type="stmt"/>
        <line num="45" count="10" type="stmt"/>
        <line num="46" count="6" type="stmt"/>
        <line num="48" count="6" type="cond" truecount="2" falsecount="0"/>
        <line num="49" count="6" type="cond" truecount="2" falsecount="0"/>
        <line num="50" count="2" type="stmt"/>
        <line num="51" count="2" type="stmt"/>
        <line num="58" count="10" type="stmt"/>
        <line num="59" count="3" type="stmt"/>
        <line num="60" count="3" type="stmt"/>
        <line num="61" count="3" type="stmt"/>
        <line num="64" count="10" type="stmt"/>
      </file>
    </package>
    <package name="src.lib.store">
      <metrics statements="79" coveredstatements="71" conditionals="52" coveredconditionals="39" methods="69" coveredmethods="63"/>
      <file name="useProjectStore.ts" path="/Users/dkanbora/personal/AIchemist-ui/src/lib/store/useProjectStore.ts">
        <metrics statements="12" coveredstatements="12" conditionals="4" coveredconditionals="4" methods="14" coveredmethods="14"/>
        <line num="18" count="14" type="stmt"/>
        <line num="20" count="14" type="stmt"/>
        <line num="25" count="1" type="stmt"/>
        <line num="27" count="22" type="stmt"/>
        <line num="30" count="32" type="stmt"/>
        <line num="33" count="3" type="stmt"/>
        <line num="34" count="5" type="stmt"/>
        <line num="39" count="2" type="stmt"/>
        <line num="40" count="3" type="cond" truecount="2" falsecount="0"/>
        <line num="43" count="2" type="stmt"/>
        <line num="44" count="1" type="stmt"/>
        <line num="50" count="200" type="stmt"/>
      </file>
      <file name="useSessionStore.ts" path="/Users/dkanbora/personal/AIchemist-ui/src/lib/store/useSessionStore.ts">
        <metrics statements="67" coveredstatements="59" conditionals="48" coveredconditionals="35" methods="55" coveredmethods="49"/>
        <line num="68" count="14" type="stmt"/>
        <line num="70" count="14" type="stmt"/>
        <line num="84" count="11" type="stmt"/>
        <line num="88" count="10" type="stmt"/>
        <line num="99" count="27" type="stmt"/>
        <line num="102" count="3" type="stmt"/>
        <line num="103" count="3" type="stmt"/>
        <line num="104" count="3" type="cond" truecount="1" falsecount="1"/>
        <line num="107" count="3" type="cond" truecount="2" falsecount="2"/>
        <line num="110" count="3" type="stmt"/>
        <line num="125" count="38" type="stmt"/>
        <line num="130" count="4" type="stmt"/>
        <line num="131" count="4" type="stmt"/>
        <line num="132" count="4" type="stmt"/>
        <line num="140" count="17" type="stmt"/>
        <line num="141" count="17" type="stmt"/>
        <line num="142" count="17" type="cond" truecount="2" falsecount="0"/>
        <line num="143" count="16" type="stmt"/>
        <line num="147" count="9" type="stmt"/>
        <line num="148" count="9" type="stmt"/>
        <line num="149" count="9" type="cond" truecount="1" falsecount="1"/>
        <line num="150" count="9" type="stmt"/>
        <line num="154" count="0" type="stmt"/>
        <line num="155" count="0" type="stmt"/>
        <line num="156" count="0" type="cond" truecount="0" falsecount="2"/>
        <line num="157" count="0" type="stmt"/>
        <line num="161" count="10" type="stmt"/>
        <line num="162" count="10" type="stmt"/>
        <line num="163" count="10" type="cond" truecount="1" falsecount="1"/>
        <line num="164" count="10" type="stmt"/>
        <line num="173" count="5" type="stmt"/>
        <line num="174" count="5" type="stmt"/>
        <line num="175" count="5" type="cond" truecount="2" falsecount="0"/>
        <line num="177" count="4" type="cond" truecount="2" falsecount="0"/>
        <line num="178" count="3" type="stmt"/>
        <line num="179" count="3" type="stmt"/>
        <line num="189" count="12" type="stmt"/>
        <line num="197" count="3" type="stmt"/>
        <line num="198" count="3" type="stmt"/>
        <line num="199" count="3" type="stmt"/>
        <line num="203" count="8" type="stmt"/>
        <line num="211" count="1" type="stmt"/>
        <line num="215" count="1" type="cond" truecount="1" falsecount="1"/>
        <line num="221" count="1" type="stmt"/>
        <line num="225" count="1" type="cond" truecount="1" falsecount="1"/>
        <line num="231" count="21" type="stmt"/>
        <line num="232" count="21" type="stmt"/>
        <line num="233" count="21" type="stmt"/>
        <line num="237" count="8" type="stmt"/>
        <line num="245" count="3" type="stmt"/>
        <line num="246" count="3" type="cond" truecount="1" falsecount="1"/>
        <line num="247" count="3" type="stmt"/>
        <line num="248" count="3" type="cond" truecount="1" falsecount="1"/>
        <line num="249" count="3" type="stmt"/>
        <line num="252" count="4" type="stmt"/>
        <line num="258" count="11" type="stmt"/>
        <line num="260" count="11" type="cond" truecount="2" falsecount="0"/>
        <line num="261" count="11" type="stmt"/>
        <line num="262" count="11" type="stmt"/>
        <line num="266" count="6" type="stmt"/>
        <line num="274" count="0" type="stmt"/>
        <line num="275" count="0" type="stmt"/>
        <line num="276" count="0" type="stmt"/>
        <line num="280" count="12" type="stmt"/>
        <line num="282" count="3" type="stmt"/>
        <line num="287" count="0" type="stmt"/>
        <line num="294" count="347" type="stmt"/>
      </file>
    </package>
    <package name="src.test.mocks">
      <metrics statements="1" coveredstatements="1" conditionals="0" coveredconditionals="0" methods="1" coveredmethods="1"/>
      <file name="electronAPI.ts" path="/Users/dkanbora/personal/AIchemist-ui/src/test/mocks/electronAPI.ts">
        <metrics statements="1" coveredstatements="1" conditionals="0" coveredconditionals="0" methods="1" coveredmethods="1"/>
        <line num="9" count="137" type="stmt"/>
      </file>
    </package>
    <package name="src.test.utils">
      <metrics statements="2" coveredstatements="2" conditionals="0" coveredconditionals="0" methods="2" coveredmethods="2"/>
      <file name="renderWithProviders.tsx" path="/Users/dkanbora/personal/AIchemist-ui/src/test/utils/renderWithProviders.tsx">
        <metrics statements="2" coveredstatements="2" conditionals="0" coveredconditionals="0" methods="2" coveredmethods="2"/>
        <line num="6" count="18" type="stmt"/>
        <line num="17" count="18" type="stmt"/>
      </file>
    </package>
  </project>
</coverage>
