{"/Users/dkanbora/personal/AIchemist-ui/electron/config.ts": {"path":"/Users/dkanbora/personal/AIchemist-ui/electron/config.ts","statementMap":{"0":{"start":{"line":4,"column":25},"end":{"line":4,"column":null}},"1":{"start":{"line":11,"column":18},"end":{"line":11,"column":null}},"2":{"start":{"line":12,"column":2},"end":{"line":12,"column":null}},"3":{"start":{"line":16,"column":2},"end":{"line":16,"column":null}},"4":{"start":{"line":25,"column":19},"end":{"line":25,"column":null}},"5":{"start":{"line":26,"column":2},"end":{"line":26,"column":null}},"6":{"start":{"line":26,"column":16},"end":{"line":26,"column":null}},"7":{"start":{"line":29,"column":21},"end":{"line":34,"column":null}},"8":{"start":{"line":35,"column":2},"end":{"line":41,"column":null}},"9":{"start":{"line":36,"column":4},"end":{"line":40,"column":null}},"10":{"start":{"line":37,"column":27},"end":{"line":37,"column":null}},"11":{"start":{"line":38,"column":6},"end":{"line":38,"column":null}},"12":{"start":{"line":39,"column":6},"end":{"line":39,"column":null}},"13":{"start":{"line":44,"column":2},"end":{"line":48,"column":null}},"14":{"start":{"line":45,"column":4},"end":{"line":45,"column":null}},"15":{"start":{"line":47,"column":4},"end":{"line":47,"column":null}},"16":{"start":{"line":53,"column":17},"end":{"line":57,"column":null}},"17":{"start":{"line":58,"column":18},"end":{"line":58,"column":null}},"18":{"start":{"line":59,"column":16},"end":{"line":59,"column":null}},"19":{"start":{"line":60,"column":2},"end":{"line":62,"column":null}},"20":{"start":{"line":61,"column":4},"end":{"line":61,"column":null}},"21":{"start":{"line":61,"column":30},"end":{"line":61,"column":null}},"22":{"start":{"line":63,"column":2},"end":{"line":63,"column":null}},"23":{"start":{"line":74,"column":19},"end":{"line":75,"column":null}},"24":{"start":{"line":75,"column":4},"end":{"line":75,"column":null}},"25":{"start":{"line":77,"column":29},"end":{"line":77,"column":null}},"26":{"start":{"line":79,"column":2},"end":{"line":96,"column":null}},"27":{"start":{"line":81,"column":6},"end":{"line":83,"column":null}},"28":{"start":{"line":84,"column":6},"end":{"line":84,"column":null}},"29":{"start":{"line":86,"column":6},"end":{"line":86,"column":null}},"30":{"start":{"line":87,"column":6},"end":{"line":87,"column":null}},"31":{"start":{"line":89,"column":6},"end":{"line":89,"column":null}},"32":{"start":{"line":92,"column":6},"end":{"line":92,"column":null}},"33":{"start":{"line":93,"column":6},"end":{"line":93,"column":null}},"34":{"start":{"line":95,"column":6},"end":{"line":95,"column":null}},"35":{"start":{"line":98,"column":2},"end":{"line":98,"column":null}},"36":{"start":{"line":109,"column":19},"end":{"line":110,"column":null}},"37":{"start":{"line":110,"column":4},"end":{"line":110,"column":null}},"38":{"start":{"line":113,"column":4},"end":{"line":114,"column":null}},"39":{"start":{"line":116,"column":2},"end":{"line":122,"column":null}}},"fnMap":{"0":{"name":"loadEnv","decl":{"start":{"line":10,"column":16},"end":{"line":10,"column":32}},"loc":{"start":{"line":10,"column":32},"end":{"line":17,"column":null}},"line":10},"1":{"name":"resolveClaudePath","decl":{"start":{"line":23,"column":16},"end":{"line":23,"column":51}},"loc":{"start":{"line":23,"column":51},"end":{"line":49,"column":null}},"line":23},"2":{"name":"augmentPath","decl":{"start":{"line":52,"column":9},"end":{"line":52,"column":29}},"loc":{"start":{"line":52,"column":29},"end":{"line":64,"column":null}},"line":52},"3":{"name":"getApiKey","decl":{"start":{"line":73,"column":16},"end":{"line":73,"column":26}},"loc":{"start":{"line":73,"column":59},"end":{"line":99,"column":null}},"line":73},"4":{"name":"(anonymous_4)","decl":{"start":{"line":74,"column":19},"end":{"line":74,"column":20}},"loc":{"start":{"line":75,"column":4},"end":{"line":75,"column":null}},"line":75},"5":{"name":"getAnthropicConfig","decl":{"start":{"line":102,"column":16},"end":{"line":102,"column":null}},"loc":{"start":{"line":108,"column":2},"end":{"line":123,"column":null}},"line":108},"6":{"name":"(anonymous_6)","decl":{"start":{"line":109,"column":19},"end":{"line":109,"column":20}},"loc":{"start":{"line":110,"column":4},"end":{"line":110,"column":null}},"line":110}},"branchMap":{"0":{"loc":{"start":{"line":26,"column":2},"end":{"line":26,"column":null}},"type":"if","locations":[{"start":{"line":26,"column":2},"end":{"line":26,"column":null}},{"start":{},"end":{}}],"line":26},"1":{"loc":{"start":{"line":45,"column":11},"end":{"line":45,"column":null}},"type":"binary-expr","locations":[{"start":{"line":45,"column":11},"end":{"line":45,"column":69}},{"start":{"line":45,"column":69},"end":{"line":45,"column":null}}],"line":45},"2":{"loc":{"start":{"line":58,"column":18},"end":{"line":58,"column":null}},"type":"binary-expr","locations":[{"start":{"line":58,"column":18},"end":{"line":58,"column":38}},{"start":{"line":58,"column":38},"end":{"line":58,"column":null}}],"line":58},"3":{"loc":{"start":{"line":61,"column":4},"end":{"line":61,"column":null}},"type":"if","locations":[{"start":{"line":61,"column":4},"end":{"line":61,"column":null}},{"start":{},"end":{}}],"line":61},"4":{"loc":{"start":{"line":75,"column":4},"end":{"line":75,"column":null}},"type":"cond-expr","locations":[{"start":{"line":75,"column":24},"end":{"line":75,"column":28}},{"start":{"line":75,"column":28},"end":{"line":75,"column":null}}],"line":75},"5":{"loc":{"start":{"line":75,"column":4},"end":{"line":75,"column":24}},"type":"binary-expr","locations":[{"start":{"line":75,"column":4},"end":{"line":75,"column":9}},{"start":{"line":75,"column":9},"end":{"line":75,"column":24}}],"line":75},"6":{"loc":{"start":{"line":79,"column":2},"end":{"line":96,"column":null}},"type":"switch","locations":[{"start":{"line":80,"column":4},"end":{"line":84,"column":null}},{"start":{"line":85,"column":4},"end":{"line":87,"column":null}},{"start":{"line":88,"column":4},"end":{"line":89,"column":null}},{"start":{"line":90,"column":4},"end":{"line":90,"column":null}},{"start":{"line":91,"column":4},"end":{"line":93,"column":null}},{"start":{"line":94,"column":4},"end":{"line":95,"column":null}}],"line":79},"7":{"loc":{"start":{"line":82,"column":8},"end":{"line":83,"column":null}},"type":"binary-expr","locations":[{"start":{"line":82,"column":8},"end":{"line":82,"column":null}},{"start":{"line":83,"column":8},"end":{"line":83,"column":null}}],"line":82},"8":{"loc":{"start":{"line":110,"column":4},"end":{"line":110,"column":null}},"type":"cond-expr","locations":[{"start":{"line":110,"column":24},"end":{"line":110,"column":28}},{"start":{"line":110,"column":28},"end":{"line":110,"column":null}}],"line":110},"9":{"loc":{"start":{"line":110,"column":4},"end":{"line":110,"column":24}},"type":"binary-expr","locations":[{"start":{"line":110,"column":4},"end":{"line":110,"column":9}},{"start":{"line":110,"column":9},"end":{"line":110,"column":24}}],"line":110},"10":{"loc":{"start":{"line":113,"column":4},"end":{"line":114,"column":null}},"type":"binary-expr","locations":[{"start":{"line":113,"column":4},"end":{"line":113,"column":null}},{"start":{"line":114,"column":4},"end":{"line":114,"column":null}}],"line":113}},"s":{"0":1,"1":0,"2":0,"3":0,"4":0,"5":0,"6":0,"7":0,"8":0,"9":0,"10":0,"11":0,"12":0,"13":0,"14":0,"15":0,"16":0,"17":0,"18":0,"19":0,"20":0,"21":0,"22":0,"23":0,"24":0,"25":0,"26":0,"27":0,"28":0,"29":0,"30":0,"31":0,"32":0,"33":0,"34":0,"35":0,"36":0,"37":0,"38":0,"39":0},"f":{"0":0,"1":0,"2":0,"3":0,"4":0,"5":0,"6":0},"b":{"0":[0,0],"1":[0,0],"2":[0,0],"3":[0,0],"4":[0,0],"5":[0,0],"6":[0,0,0,0,0,0],"7":[0,0],"8":[0,0],"9":[0,0],"10":[0,0]},"meta":{"lastBranch":11,"lastFunction":7,"lastStatement":40,"seen":{"s:4:25:4:Infinity":0,"f:10:16:10:32":0,"s:11:18:11:Infinity":1,"s:12:2:12:Infinity":2,"s:16:2:16:Infinity":3,"f:23:16:23:51":1,"s:25:19:25:Infinity":4,"b:26:2:26:Infinity:undefined:undefined:undefined:undefined":0,"s:26:2:26:Infinity":5,"s:26:16:26:Infinity":6,"s:29:21:34:Infinity":7,"s:35:2:41:Infinity":8,"s:36:4:40:Infinity":9,"s:37:27:37:Infinity":10,"s:38:6:38:Infinity":11,"s:39:6:39:Infinity":12,"s:44:2:48:Infinity":13,"s:45:4:45:Infinity":14,"b:45:11:45:69:45:69:45:Infinity":1,"s:47:4:47:Infinity":15,"f:52:9:52:29":2,"s:53:17:57:Infinity":16,"s:58:18:58:Infinity":17,"b:58:18:58:38:58:38:58:Infinity":2,"s:59:16:59:Infinity":18,"s:60:2:62:Infinity":19,"b:61:4:61:Infinity:undefined:undefined:undefined:undefined":3,"s:61:4:61:Infinity":20,"s:61:30:61:Infinity":21,"s:63:2:63:Infinity":22,"f:73:16:73:26":3,"s:74:19:75:Infinity":23,"f:74:19:74:20":4,"s:75:4:75:Infinity":24,"b:75:24:75:28:75:28:75:Infinity":4,"b:75:4:75:9:75:9:75:24":5,"s:77:29:77:Infinity":25,"b:80:4:84:Infinity:85:4:87:Infinity:88:4:89:Infinity:90:4:90:Infinity:91:4:93:Infinity:94:4:95:Infinity":6,"s:79:2:96:Infinity":26,"s:81:6:83:Infinity":27,"b:82:8:82:Infinity:83:8:83:Infinity":7,"s:84:6:84:Infinity":28,"s:86:6:86:Infinity":29,"s:87:6:87:Infinity":30,"s:89:6:89:Infinity":31,"s:92:6:92:Infinity":32,"s:93:6:93:Infinity":33,"s:95:6:95:Infinity":34,"s:98:2:98:Infinity":35,"f:102:16:102:Infinity":5,"s:109:19:110:Infinity":36,"f:109:19:109:20":6,"s:110:4:110:Infinity":37,"b:110:24:110:28:110:28:110:Infinity":8,"b:110:4:110:9:110:9:110:24":9,"s:113:4:114:Infinity":38,"b:113:4:113:Infinity:114:4:114:Infinity":10,"s:116:2:122:Infinity":39}}}
,"/Users/dkanbora/personal/AIchemist-ui/electron/ipc-channels.ts": {"path":"/Users/dkanbora/personal/AIchemist-ui/electron/ipc-channels.ts","statementMap":{"0":{"start":{"line":14,"column":38},"end":{"line":14,"column":null}},"1":{"start":{"line":15,"column":38},"end":{"line":15,"column":null}},"2":{"start":{"line":18,"column":38},"end":{"line":18,"column":null}},"3":{"start":{"line":19,"column":38},"end":{"line":19,"column":null}},"4":{"start":{"line":20,"column":38},"end":{"line":20,"column":null}},"5":{"start":{"line":21,"column":38},"end":{"line":21,"column":null}},"6":{"start":{"line":22,"column":38},"end":{"line":22,"column":null}},"7":{"start":{"line":25,"column":38},"end":{"line":25,"column":null}},"8":{"start":{"line":26,"column":38},"end":{"line":26,"column":null}},"9":{"start":{"line":27,"column":38},"end":{"line":27,"column":null}},"10":{"start":{"line":28,"column":38},"end":{"line":28,"column":null}},"11":{"start":{"line":29,"column":38},"end":{"line":29,"column":null}},"12":{"start":{"line":30,"column":38},"end":{"line":30,"column":null}},"13":{"start":{"line":31,"column":38},"end":{"line":31,"column":null}},"14":{"start":{"line":32,"column":38},"end":{"line":32,"column":null}},"15":{"start":{"line":33,"column":38},"end":{"line":33,"column":null}},"16":{"start":{"line":36,"column":38},"end":{"line":36,"column":null}},"17":{"start":{"line":37,"column":38},"end":{"line":37,"column":null}},"18":{"start":{"line":40,"column":38},"end":{"line":40,"column":null}},"19":{"start":{"line":43,"column":38},"end":{"line":43,"column":null}},"20":{"start":{"line":44,"column":38},"end":{"line":44,"column":null}},"21":{"start":{"line":45,"column":38},"end":{"line":45,"column":null}},"22":{"start":{"line":46,"column":38},"end":{"line":46,"column":null}},"23":{"start":{"line":47,"column":38},"end":{"line":47,"column":null}},"24":{"start":{"line":48,"column":38},"end":{"line":48,"column":null}},"25":{"start":{"line":51,"column":38},"end":{"line":51,"column":null}},"26":{"start":{"line":52,"column":38},"end":{"line":52,"column":null}},"27":{"start":{"line":53,"column":40},"end":{"line":53,"column":null}},"28":{"start":{"line":54,"column":40},"end":{"line":54,"column":null}},"29":{"start":{"line":55,"column":40},"end":{"line":55,"column":null}},"30":{"start":{"line":56,"column":40},"end":{"line":56,"column":null}},"31":{"start":{"line":57,"column":41},"end":{"line":57,"column":null}},"32":{"start":{"line":58,"column":40},"end":{"line":58,"column":null}}},"fnMap":{},"branchMap":{},"s":{"0":1,"1":1,"2":1,"3":1,"4":1,"5":1,"6":1,"7":1,"8":1,"9":1,"10":1,"11":1,"12":1,"13":1,"14":1,"15":1,"16":1,"17":1,"18":1,"19":1,"20":1,"21":1,"22":1,"23":1,"24":1,"25":1,"26":1,"27":1,"28":1,"29":1,"30":1,"31":1,"32":1},"f":{},"b":{},"meta":{"lastBranch":0,"lastFunction":0,"lastStatement":33,"seen":{"s:14:38:14:Infinity":0,"s:15:38:15:Infinity":1,"s:18:38:18:Infinity":2,"s:19:38:19:Infinity":3,"s:20:38:20:Infinity":4,"s:21:38:21:Infinity":5,"s:22:38:22:Infinity":6,"s:25:38:25:Infinity":7,"s:26:38:26:Infinity":8,"s:27:38:27:Infinity":9,"s:28:38:28:Infinity":10,"s:29:38:29:Infinity":11,"s:30:38:30:Infinity":12,"s:31:38:31:Infinity":13,"s:32:38:32:Infinity":14,"s:33:38:33:Infinity":15,"s:36:38:36:Infinity":16,"s:37:38:37:Infinity":17,"s:40:38:40:Infinity":18,"s:43:38:43:Infinity":19,"s:44:38:44:Infinity":20,"s:45:38:45:Infinity":21,"s:46:38:46:Infinity":22,"s:47:38:47:Infinity":23,"s:48:38:48:Infinity":24,"s:51:38:51:Infinity":25,"s:52:38:52:Infinity":26,"s:53:40:53:Infinity":27,"s:54:40:54:Infinity":28,"s:55:40:55:Infinity":29,"s:56:40:56:Infinity":30,"s:57:41:57:Infinity":31,"s:58:40:58:Infinity":32}}}
,"/Users/dkanbora/personal/AIchemist-ui/electron/agent/approval.ts": {"path":"/Users/dkanbora/personal/AIchemist-ui/electron/agent/approval.ts","statementMap":{"0":{"start":{"line":10,"column":25},"end":{"line":13,"column":null}},"1":{"start":{"line":20,"column":18},"end":{"line":20,"column":null}},"2":{"start":{"line":21,"column":2},"end":{"line":24,"column":null}},"3":{"start":{"line":22,"column":4},"end":{"line":22,"column":null}},"4":{"start":{"line":23,"column":4},"end":{"line":23,"column":null}},"5":{"start":{"line":36,"column":21},"end":{"line":36,"column":null}},"6":{"start":{"line":37,"column":2},"end":{"line":45,"column":null}},"7":{"start":{"line":38,"column":4},"end":{"line":38,"column":null}},"8":{"start":{"line":39,"column":4},"end":{"line":44,"column":null}},"9":{"start":{"line":61,"column":2},"end":{"line":61,"column":null}},"10":{"start":{"line":61,"column":28},"end":{"line":61,"column":null}},"11":{"start":{"line":62,"column":2},"end":{"line":62,"column":null}},"12":{"start":{"line":62,"column":38},"end":{"line":62,"column":null}},"13":{"start":{"line":63,"column":2},"end":{"line":63,"column":null}},"14":{"start":{"line":63,"column":39},"end":{"line":63,"column":null}},"15":{"start":{"line":64,"column":15},"end":{"line":64,"column":null}},"16":{"start":{"line":64,"column":49},"end":{"line":64,"column":77}},"17":{"start":{"line":65,"column":2},"end":{"line":65,"column":null}}},"fnMap":{"0":{"name":"resolveApproval","decl":{"start":{"line":19,"column":16},"end":{"line":19,"column":32}},"loc":{"start":{"line":19,"column":77},"end":{"line":25,"column":null}},"line":19},"1":{"name":"requestApproval","decl":{"start":{"line":30,"column":16},"end":{"line":30,"column":null}},"loc":{"start":{"line":35,"column":20},"end":{"line":46,"column":null}},"line":35},"2":{"name":"(anonymous_2)","decl":{"start":{"line":37,"column":21},"end":{"line":37,"column":22}},"loc":{"start":{"line":37,"column":34},"end":{"line":45,"column":3}},"line":37},"3":{"name":"needsApproval","decl":{"start":{"line":57,"column":16},"end":{"line":57,"column":null}},"loc":{"start":{"line":60,"column":11},"end":{"line":66,"column":null}},"line":60},"4":{"name":"(anonymous_4)","decl":{"start":{"line":64,"column":42},"end":{"line":64,"column":43}},"loc":{"start":{"line":64,"column":49},"end":{"line":64,"column":77}},"line":64}},"branchMap":{"0":{"loc":{"start":{"line":21,"column":2},"end":{"line":24,"column":null}},"type":"if","locations":[{"start":{"line":21,"column":2},"end":{"line":24,"column":null}},{"start":{},"end":{}}],"line":21},"1":{"loc":{"start":{"line":61,"column":2},"end":{"line":61,"column":null}},"type":"if","locations":[{"start":{"line":61,"column":2},"end":{"line":61,"column":null}},{"start":{},"end":{}}],"line":61},"2":{"loc":{"start":{"line":62,"column":2},"end":{"line":62,"column":null}},"type":"if","locations":[{"start":{"line":62,"column":2},"end":{"line":62,"column":null}},{"start":{},"end":{}}],"line":62},"3":{"loc":{"start":{"line":63,"column":2},"end":{"line":63,"column":null}},"type":"if","locations":[{"start":{"line":63,"column":2},"end":{"line":63,"column":null}},{"start":{},"end":{}}],"line":63}},"s":{"0":1,"1":0,"2":0,"3":0,"4":0,"5":0,"6":0,"7":0,"8":0,"9":0,"10":0,"11":0,"12":0,"13":0,"14":0,"15":0,"16":0,"17":0},"f":{"0":0,"1":0,"2":0,"3":0,"4":0},"b":{"0":[0,0],"1":[0,0],"2":[0,0],"3":[0,0]},"meta":{"lastBranch":4,"lastFunction":5,"lastStatement":18,"seen":{"s:10:25:13:Infinity":0,"f:19:16:19:32":0,"s:20:18:20:Infinity":1,"b:21:2:24:Infinity:undefined:undefined:undefined:undefined":0,"s:21:2:24:Infinity":2,"s:22:4:22:Infinity":3,"s:23:4:23:Infinity":4,"f:30:16:30:Infinity":1,"s:36:21:36:Infinity":5,"s:37:2:45:Infinity":6,"f:37:21:37:22":2,"s:38:4:38:Infinity":7,"s:39:4:44:Infinity":8,"f:57:16:57:Infinity":3,"b:61:2:61:Infinity:undefined:undefined:undefined:undefined":1,"s:61:2:61:Infinity":9,"s:61:28:61:Infinity":10,"b:62:2:62:Infinity:undefined:undefined:undefined:undefined":2,"s:62:2:62:Infinity":11,"s:62:38:62:Infinity":12,"b:63:2:63:Infinity:undefined:undefined:undefined:undefined":3,"s:63:2:63:Infinity":13,"s:63:39:63:Infinity":14,"s:64:15:64:Infinity":15,"f:64:42:64:43":4,"s:64:49:64:77":16,"s:65:2:65:Infinity":17}}}
,"/Users/dkanbora/personal/AIchemist-ui/electron/agent/claude.ts": {"path":"/Users/dkanbora/personal/AIchemist-ui/electron/agent/claude.ts","statementMap":{"0":{"start":{"line":22,"column":2},"end":{"line":22,"column":null}},"1":{"start":{"line":24,"column":2},"end":{"line":26,"column":null}},"2":{"start":{"line":25,"column":4},"end":{"line":25,"column":null}},"3":{"start":{"line":27,"column":2},"end":{"line":29,"column":null}},"4":{"start":{"line":28,"column":4},"end":{"line":28,"column":null}},"5":{"start":{"line":30,"column":2},"end":{"line":32,"column":null}},"6":{"start":{"line":31,"column":4},"end":{"line":31,"column":null}},"7":{"start":{"line":33,"column":2},"end":{"line":33,"column":null}},"8":{"start":{"line":38,"column":2},"end":{"line":38,"column":null}},"9":{"start":{"line":38,"column":35},"end":{"line":38,"column":null}},"10":{"start":{"line":39,"column":2},"end":{"line":47,"column":null}},"11":{"start":{"line":40,"column":4},"end":{"line":46,"column":null}},"12":{"start":{"line":42,"column":8},"end":{"line":42,"column":null}},"13":{"start":{"line":42,"column":35},"end":{"line":42,"column":null}},"14":{"start":{"line":43,"column":22},"end":{"line":43,"column":null}},"15":{"start":{"line":44,"column":8},"end":{"line":44,"column":null}},"16":{"start":{"line":48,"column":2},"end":{"line":48,"column":null}},"17":{"start":{"line":61,"column":16},"end":{"line":61,"column":null}},"18":{"start":{"line":62,"column":2},"end":{"line":62,"column":null}},"19":{"start":{"line":62,"column":14},"end":{"line":62,"column":null}},"20":{"start":{"line":63,"column":13},"end":{"line":63,"column":null}},"21":{"start":{"line":65,"column":20},"end":{"line":65,"column":null}},"22":{"start":{"line":66,"column":2},"end":{"line":66,"column":null}},"23":{"start":{"line":66,"column":18},"end":{"line":66,"column":null}},"24":{"start":{"line":67,"column":15},"end":{"line":67,"column":null}},"25":{"start":{"line":69,"column":20},"end":{"line":69,"column":null}},"26":{"start":{"line":70,"column":22},"end":{"line":72,"column":null}},"27":{"start":{"line":74,"column":21},"end":{"line":74,"column":null}},"28":{"start":{"line":75,"column":16},"end":{"line":77,"column":null}},"29":{"start":{"line":79,"column":2},"end":{"line":79,"column":null}},"30":{"start":{"line":84,"column":20},"end":{"line":84,"column":null}},"31":{"start":{"line":85,"column":2},"end":{"line":103,"column":null}},"32":{"start":{"line":86,"column":4},"end":{"line":100,"column":null}},"33":{"start":{"line":88,"column":21},"end":{"line":88,"column":63}},"34":{"start":{"line":90,"column":8},"end":{"line":99,"column":null}},"35":{"start":{"line":91,"column":26},"end":{"line":94,"column":null}},"36":{"start":{"line":95,"column":24},"end":{"line":95,"column":null}},"37":{"start":{"line":96,"column":10},"end":{"line":96,"column":null}},"38":{"start":{"line":98,"column":10},"end":{"line":98,"column":null}},"39":{"start":{"line":102,"column":4},"end":{"line":102,"column":null}},"40":{"start":{"line":118,"column":32},"end":{"line":118,"column":null}},"41":{"start":{"line":119,"column":2},"end":{"line":137,"column":null}},"42":{"start":{"line":120,"column":22},"end":{"line":120,"column":null}},"43":{"start":{"line":121,"column":10},"end":{"line":121,"column":null}},"44":{"start":{"line":122,"column":14},"end":{"line":129,"column":null}},"45":{"start":{"line":130,"column":4},"end":{"line":134,"column":null}},"46":{"start":{"line":131,"column":6},"end":{"line":131,"column":null}},"47":{"start":{"line":133,"column":6},"end":{"line":133,"column":null}},"48":{"start":{"line":140,"column":22},"end":{"line":140,"column":null}},"49":{"start":{"line":143,"column":19},"end":{"line":143,"column":null}},"50":{"start":{"line":143,"column":48},"end":{"line":143,"column":54}},"51":{"start":{"line":144,"column":2},"end":{"line":144,"column":null}},"52":{"start":{"line":144,"column":53},"end":{"line":144,"column":74}},"53":{"start":{"line":159,"column":4},"end":{"line":159,"column":null}},"54":{"start":{"line":163,"column":4},"end":{"line":163,"column":null}},"55":{"start":{"line":166,"column":16},"end":{"line":166,"column":null}},"56":{"start":{"line":169,"column":20},"end":{"line":169,"column":null}},"57":{"start":{"line":172,"column":8},"end":{"line":172,"column":null}},"58":{"start":{"line":175,"column":56},"end":{"line":193,"column":null}},"59":{"start":{"line":195,"column":39},"end":{"line":195,"column":null}},"60":{"start":{"line":196,"column":17},"end":{"line":196,"column":null}},"61":{"start":{"line":199,"column":26},"end":{"line":199,"column":null}},"62":{"start":{"line":201,"column":2},"end":{"line":255,"column":null}},"63":{"start":{"line":202,"column":4},"end":{"line":252,"column":null}},"64":{"start":{"line":203,"column":6},"end":{"line":251,"column":null}},"65":{"start":{"line":205,"column":22},"end":{"line":205,"column":null}},"66":{"start":{"line":206,"column":8},"end":{"line":218,"column":null}},"67":{"start":{"line":207,"column":24},"end":{"line":207,"column":null}},"68":{"start":{"line":208,"column":10},"end":{"line":217,"column":null}},"69":{"start":{"line":209,"column":25},"end":{"line":209,"column":null}},"70":{"start":{"line":210,"column":12},"end":{"line":216,"column":null}},"71":{"start":{"line":211,"column":14},"end":{"line":211,"column":null}},"72":{"start":{"line":212,"column":14},"end":{"line":215,"column":null}},"73":{"start":{"line":219,"column":6},"end":{"line":251,"column":null}},"74":{"start":{"line":222,"column":25},"end":{"line":222,"column":null}},"75":{"start":{"line":223,"column":8},"end":{"line":233,"column":null}},"76":{"start":{"line":224,"column":20},"end":{"line":224,"column":null}},"77":{"start":{"line":225,"column":10},"end":{"line":232,"column":null}},"78":{"start":{"line":226,"column":12},"end":{"line":226,"column":null}},"79":{"start":{"line":226,"column":22},"end":{"line":226,"column":null}},"80":{"start":{"line":227,"column":12},"end":{"line":231,"column":null}},"81":{"start":{"line":234,"column":6},"end":{"line":251,"column":null}},"82":{"start":{"line":236,"column":25},"end":{"line":236,"column":null}},"83":{"start":{"line":237,"column":8},"end":{"line":248,"column":null}},"84":{"start":{"line":238,"column":20},"end":{"line":238,"column":null}},"85":{"start":{"line":239,"column":10},"end":{"line":247,"column":null}},"86":{"start":{"line":240,"column":29},"end":{"line":240,"column":null}},"87":{"start":{"line":241,"column":27},"end":{"line":241,"column":null}},"88":{"start":{"line":242,"column":12},"end":{"line":246,"column":null}},"89":{"start":{"line":249,"column":6},"end":{"line":251,"column":null}},"90":{"start":{"line":250,"column":8},"end":{"line":250,"column":null}},"91":{"start":{"line":254,"column":4},"end":{"line":254,"column":null}},"92":{"start":{"line":258,"column":2},"end":{"line":263,"column":null}},"93":{"start":{"line":259,"column":4},"end":{"line":262,"column":null}},"94":{"start":{"line":265,"column":2},"end":{"line":265,"column":null}},"95":{"start":{"line":270,"column":45},"end":{"line":283,"column":null}},"96":{"start":{"line":272,"column":19},"end":{"line":274,"column":null}},"97":{"start":{"line":275,"column":25},"end":{"line":275,"column":null}},"98":{"start":{"line":277,"column":4},"end":{"line":277,"column":null}},"99":{"start":{"line":281,"column":4},"end":{"line":281,"column":null}}},"fnMap":{"0":{"name":"resolveModel","decl":{"start":{"line":17,"column":9},"end":{"line":17,"column":22}},"loc":{"start":{"line":17,"column":54},"end":{"line":34,"column":null}},"line":17},"1":{"name":"extractToolResultText","decl":{"start":{"line":37,"column":9},"end":{"line":37,"column":31}},"loc":{"start":{"line":37,"column":57},"end":{"line":49,"column":null}},"line":37},"2":{"name":"(anonymous_2)","decl":{"start":{"line":41,"column":11},"end":{"line":41,"column":12}},"loc":{"start":{"line":41,"column":27},"end":{"line":45,"column":7}},"line":41},"3":{"name":"parseAgentFrontmatter","decl":{"start":{"line":60,"column":16},"end":{"line":60,"column":38}},"loc":{"start":{"line":60,"column":74},"end":{"line":80,"column":null}},"line":60},"4":{"name":"scanLocalAgents","decl":{"start":{"line":83,"column":9},"end":{"line":83,"column":41}},"loc":{"start":{"line":83,"column":41},"end":{"line":104,"column":null}},"line":83},"5":{"name":"(anonymous_5)","decl":{"start":{"line":88,"column":14},"end":{"line":88,"column":15}},"loc":{"start":{"line":88,"column":21},"end":{"line":88,"column":63}},"line":88},"6":{"name":"(anonymous_6)","decl":{"start":{"line":89,"column":15},"end":{"line":89,"column":16}},"loc":{"start":{"line":89,"column":25},"end":{"line":100,"column":7}},"line":89},"7":{"name":"getClaudeAgents","decl":{"start":{"line":114,"column":22},"end":{"line":114,"column":null}},"loc":{"start":{"line":116,"column":25},"end":{"line":145,"column":null}},"line":116},"8":{"name":"(anonymous_8)","decl":{"start":{"line":143,"column":41},"end":{"line":143,"column":42}},"loc":{"start":{"line":143,"column":48},"end":{"line":143,"column":54}},"line":143},"9":{"name":"(anonymous_9)","decl":{"start":{"line":144,"column":46},"end":{"line":144,"column":47}},"loc":{"start":{"line":144,"column":53},"end":{"line":144,"column":74}},"line":144},"10":{"name":"runClaudeAgentTurn","decl":{"start":{"line":147,"column":22},"end":{"line":147,"column":41}},"loc":{"start":{"line":157,"column":20},"end":{"line":266,"column":null}},"line":157},"11":{"name":"(anonymous_11)","decl":{"start":{"line":271,"column":8},"end":{"line":271,"column":12}},"loc":{"start":{"line":271,"column":58},"end":{"line":278,"column":null}},"line":271},"12":{"name":"(anonymous_12)","decl":{"start":{"line":280,"column":8},"end":{"line":280,"column":19}},"loc":{"start":{"line":280,"column":62},"end":{"line":282,"column":null}},"line":280}},"branchMap":{"0":{"loc":{"start":{"line":24,"column":2},"end":{"line":26,"column":null}},"type":"if","locations":[{"start":{"line":24,"column":2},"end":{"line":26,"column":null}},{"start":{},"end":{}}],"line":24},"1":{"loc":{"start":{"line":24,"column":6},"end":{"line":24,"column":65}},"type":"binary-expr","locations":[{"start":{"line":24,"column":6},"end":{"line":24,"column":30}},{"start":{"line":24,"column":30},"end":{"line":24,"column":65}}],"line":24},"2":{"loc":{"start":{"line":27,"column":2},"end":{"line":29,"column":null}},"type":"if","locations":[{"start":{"line":27,"column":2},"end":{"line":29,"column":null}},{"start":{},"end":{}}],"line":27},"3":{"loc":{"start":{"line":27,"column":6},"end":{"line":27,"column":63}},"type":"binary-expr","locations":[{"start":{"line":27,"column":6},"end":{"line":27,"column":29}},{"start":{"line":27,"column":29},"end":{"line":27,"column":63}}],"line":27},"4":{"loc":{"start":{"line":30,"column":2},"end":{"line":32,"column":null}},"type":"if","locations":[{"start":{"line":30,"column":2},"end":{"line":32,"column":null}},{"start":{},"end":{}}],"line":30},"5":{"loc":{"start":{"line":30,"column":6},"end":{"line":30,"column":61}},"type":"binary-expr","locations":[{"start":{"line":30,"column":6},"end":{"line":30,"column":28}},{"start":{"line":30,"column":28},"end":{"line":30,"column":61}}],"line":30},"6":{"loc":{"start":{"line":38,"column":2},"end":{"line":38,"column":null}},"type":"if","locations":[{"start":{"line":38,"column":2},"end":{"line":38,"column":null}},{"start":{},"end":{}}],"line":38},"7":{"loc":{"start":{"line":39,"column":2},"end":{"line":47,"column":null}},"type":"if","locations":[{"start":{"line":39,"column":2},"end":{"line":47,"column":null}},{"start":{},"end":{}}],"line":39},"8":{"loc":{"start":{"line":42,"column":8},"end":{"line":42,"column":null}},"type":"if","locations":[{"start":{"line":42,"column":8},"end":{"line":42,"column":null}},{"start":{},"end":{}}],"line":42},"9":{"loc":{"start":{"line":44,"column":15},"end":{"line":44,"column":null}},"type":"binary-expr","locations":[{"start":{"line":44,"column":15},"end":{"line":44,"column":29}},{"start":{"line":44,"column":29},"end":{"line":44,"column":null}}],"line":44},"10":{"loc":{"start":{"line":48,"column":16},"end":{"line":48,"column":29}},"type":"binary-expr","locations":[{"start":{"line":48,"column":16},"end":{"line":48,"column":27}},{"start":{"line":48,"column":27},"end":{"line":48,"column":29}}],"line":48},"11":{"loc":{"start":{"line":62,"column":2},"end":{"line":62,"column":null}},"type":"if","locations":[{"start":{"line":62,"column":2},"end":{"line":62,"column":null}},{"start":{},"end":{}}],"line":62},"12":{"loc":{"start":{"line":66,"column":2},"end":{"line":66,"column":null}},"type":"if","locations":[{"start":{"line":66,"column":2},"end":{"line":66,"column":null}},{"start":{},"end":{}}],"line":66},"13":{"loc":{"start":{"line":70,"column":22},"end":{"line":72,"column":null}},"type":"cond-expr","locations":[{"start":{"line":71,"column":6},"end":{"line":71,"column":null}},{"start":{"line":72,"column":6},"end":{"line":72,"column":null}}],"line":70},"14":{"loc":{"start":{"line":75,"column":16},"end":{"line":77,"column":null}},"type":"cond-expr","locations":[{"start":{"line":76,"column":6},"end":{"line":76,"column":null}},{"start":{"line":77,"column":6},"end":{"line":77,"column":null}}],"line":75},"15":{"loc":{"start":{"line":79,"column":34},"end":{"line":79,"column":58}},"type":"cond-expr","locations":[{"start":{"line":79,"column":42},"end":{"line":79,"column":54}},{"start":{"line":79,"column":54},"end":{"line":79,"column":58}}],"line":79},"16":{"loc":{"start":{"line":88,"column":21},"end":{"line":88,"column":63}},"type":"binary-expr","locations":[{"start":{"line":88,"column":21},"end":{"line":88,"column":41}},{"start":{"line":88,"column":41},"end":{"line":88,"column":63}}],"line":88},"17":{"loc":{"start":{"line":96,"column":17},"end":{"line":96,"column":null}},"type":"cond-expr","locations":[{"start":{"line":96,"column":25},"end":{"line":96,"column":35}},{"start":{"line":96,"column":35},"end":{"line":96,"column":null}}],"line":96},"18":{"loc":{"start":{"line":127,"column":12},"end":{"line":127,"column":null}},"type":"cond-expr","locations":[{"start":{"line":127,"column":25},"end":{"line":127,"column":70}},{"start":{"line":127,"column":70},"end":{"line":127,"column":null}}],"line":127},"19":{"loc":{"start":{"line":178,"column":14},"end":{"line":178,"column":null}},"type":"binary-expr","locations":[{"start":{"line":178,"column":14},"end":{"line":178,"column":30}},{"start":{"line":178,"column":30},"end":{"line":178,"column":null}}],"line":178},"20":{"loc":{"start":{"line":186,"column":10},"end":{"line":186,"column":null}},"type":"cond-expr","locations":[{"start":{"line":186,"column":23},"end":{"line":186,"column":68}},{"start":{"line":186,"column":68},"end":{"line":186,"column":null}}],"line":186},"21":{"loc":{"start":{"line":187,"column":10},"end":{"line":187,"column":null}},"type":"cond-expr","locations":[{"start":{"line":187,"column":18},"end":{"line":187,"column":30}},{"start":{"line":187,"column":30},"end":{"line":187,"column":null}}],"line":187},"22":{"loc":{"start":{"line":191,"column":27},"end":{"line":191,"column":41}},"type":"binary-expr","locations":[{"start":{"line":191,"column":27},"end":{"line":191,"column":37}},{"start":{"line":191,"column":37},"end":{"line":191,"column":41}}],"line":191},"23":{"loc":{"start":{"line":203,"column":6},"end":{"line":251,"column":null}},"type":"if","locations":[{"start":{"line":203,"column":6},"end":{"line":251,"column":null}},{"start":{"line":219,"column":6},"end":{"line":251,"column":null}}],"line":203},"24":{"loc":{"start":{"line":206,"column":8},"end":{"line":218,"column":null}},"type":"if","locations":[{"start":{"line":206,"column":8},"end":{"line":218,"column":null}},{"start":{},"end":{}}],"line":206},"25":{"loc":{"start":{"line":208,"column":10},"end":{"line":217,"column":null}},"type":"if","locations":[{"start":{"line":208,"column":10},"end":{"line":217,"column":null}},{"start":{},"end":{}}],"line":208},"26":{"loc":{"start":{"line":210,"column":12},"end":{"line":216,"column":null}},"type":"if","locations":[{"start":{"line":210,"column":12},"end":{"line":216,"column":null}},{"start":{},"end":{}}],"line":210},"27":{"loc":{"start":{"line":210,"column":16},"end":{"line":210,"column":61}},"type":"binary-expr","locations":[{"start":{"line":210,"column":16},"end":{"line":210,"column":44}},{"start":{"line":210,"column":44},"end":{"line":210,"column":61}}],"line":210},"28":{"loc":{"start":{"line":219,"column":6},"end":{"line":251,"column":null}},"type":"if","locations":[{"start":{"line":219,"column":6},"end":{"line":251,"column":null}},{"start":{"line":234,"column":6},"end":{"line":251,"column":null}}],"line":219},"29":{"loc":{"start":{"line":225,"column":10},"end":{"line":232,"column":null}},"type":"if","locations":[{"start":{"line":225,"column":10},"end":{"line":232,"column":null}},{"start":{},"end":{}}],"line":225},"30":{"loc":{"start":{"line":225,"column":14},"end":{"line":225,"column":47}},"type":"binary-expr","locations":[{"start":{"line":225,"column":14},"end":{"line":225,"column":39}},{"start":{"line":225,"column":39},"end":{"line":225,"column":47}}],"line":225},"31":{"loc":{"start":{"line":226,"column":12},"end":{"line":226,"column":null}},"type":"if","locations":[{"start":{"line":226,"column":12},"end":{"line":226,"column":null}},{"start":{},"end":{}}],"line":226},"32":{"loc":{"start":{"line":230,"column":21},"end":{"line":230,"column":null}},"type":"binary-expr","locations":[{"start":{"line":230,"column":21},"end":{"line":230,"column":32}},{"start":{"line":230,"column":32},"end":{"line":230,"column":null}}],"line":230},"33":{"loc":{"start":{"line":234,"column":6},"end":{"line":251,"column":null}},"type":"if","locations":[{"start":{"line":234,"column":6},"end":{"line":251,"column":null}},{"start":{"line":249,"column":6},"end":{"line":251,"column":null}}],"line":234},"34":{"loc":{"start":{"line":236,"column":25},"end":{"line":236,"column":null}},"type":"binary-expr","locations":[{"start":{"line":236,"column":25},"end":{"line":236,"column":91}},{"start":{"line":236,"column":91},"end":{"line":236,"column":null}}],"line":236},"35":{"loc":{"start":{"line":239,"column":10},"end":{"line":247,"column":null}},"type":"if","locations":[{"start":{"line":239,"column":10},"end":{"line":247,"column":null}},{"start":{},"end":{}}],"line":239},"36":{"loc":{"start":{"line":239,"column":14},"end":{"line":239,"column":57}},"type":"binary-expr","locations":[{"start":{"line":239,"column":14},"end":{"line":239,"column":42}},{"start":{"line":239,"column":42},"end":{"line":239,"column":57}}],"line":239},"37":{"loc":{"start":{"line":240,"column":29},"end":{"line":240,"column":null}},"type":"binary-expr","locations":[{"start":{"line":240,"column":29},"end":{"line":240,"column":67}},{"start":{"line":240,"column":67},"end":{"line":240,"column":null}}],"line":240},"38":{"loc":{"start":{"line":249,"column":6},"end":{"line":251,"column":null}},"type":"if","locations":[{"start":{"line":249,"column":6},"end":{"line":251,"column":null}},{"start":{},"end":{}}],"line":249},"39":{"loc":{"start":{"line":258,"column":2},"end":{"line":263,"column":null}},"type":"if","locations":[{"start":{"line":258,"column":2},"end":{"line":263,"column":null}},{"start":{},"end":{}}],"line":258},"40":{"loc":{"start":{"line":258,"column":6},"end":{"line":258,"column":59}},"type":"binary-expr","locations":[{"start":{"line":258,"column":6},"end":{"line":258,"column":25}},{"start":{"line":258,"column":25},"end":{"line":258,"column":59}}],"line":258},"41":{"loc":{"start":{"line":275,"column":25},"end":{"line":275,"column":null}},"type":"binary-expr","locations":[{"start":{"line":275,"column":25},"end":{"line":275,"column":51}},{"start":{"line":275,"column":51},"end":{"line":275,"column":null}}],"line":275}},"s":{"0":0,"1":0,"2":0,"3":0,"4":0,"5":0,"6":0,"7":0,"8":0,"9":0,"10":0,"11":0,"12":0,"13":0,"14":0,"15":0,"16":0,"17":10,"18":10,"19":1,"20":9,"21":9,"22":9,"23":1,"24":8,"25":8,"26":8,"27":10,"28":10,"29":10,"30":0,"31":0,"32":0,"33":0,"34":0,"35":0,"36":0,"37":0,"38":0,"39":0,"40":0,"41":0,"42":0,"43":0,"44":0,"45":0,"46":0,"47":0,"48":0,"49":0,"50":0,"51":0,"52":0,"53":0,"54":0,"55":0,"56":0,"57":0,"58":0,"59":0,"60":0,"61":0,"62":0,"63":0,"64":0,"65":0,"66":0,"67":0,"68":0,"69":0,"70":0,"71":0,"72":0,"73":0,"74":0,"75":0,"76":0,"77":0,"78":0,"79":0,"80":0,"81":0,"82":0,"83":0,"84":0,"85":0,"86":0,"87":0,"88":0,"89":0,"90":0,"91":0,"92":0,"93":0,"94":0,"95":1,"96":0,"97":0,"98":0,"99":0},"f":{"0":0,"1":0,"2":0,"3":10,"4":0,"5":0,"6":0,"7":0,"8":0,"9":0,"10":0,"11":0,"12":0},"b":{"0":[0,0],"1":[0,0],"2":[0,0],"3":[0,0],"4":[0,0],"5":[0,0],"6":[0,0],"7":[0,0],"8":[0,0],"9":[0,0],"10":[0,0],"11":[1,9],"12":[1,8],"13":[7,1],"14":[2,6],"15":[2,6],"16":[0,0],"17":[0,0],"18":[0,0],"19":[0,0],"20":[0,0],"21":[0,0],"22":[0,0],"23":[0,0],"24":[0,0],"25":[0,0],"26":[0,0],"27":[0,0],"28":[0,0],"29":[0,0],"30":[0,0],"31":[0,0],"32":[0,0],"33":[0,0],"34":[0,0],"35":[0,0],"36":[0,0],"37":[0,0],"38":[0,0],"39":[0,0],"40":[0,0],"41":[0,0]},"meta":{"lastBranch":42,"lastFunction":13,"lastStatement":100,"seen":{"f:17:9:17:22":0,"s:22:2:22:Infinity":0,"b:24:2:26:Infinity:undefined:undefined:undefined:undefined":0,"s:24:2:26:Infinity":1,"b:24:6:24:30:24:30:24:65":1,"s:25:4:25:Infinity":2,"b:27:2:29:Infinity:undefined:undefined:undefined:undefined":2,"s:27:2:29:Infinity":3,"b:27:6:27:29:27:29:27:63":3,"s:28:4:28:Infinity":4,"b:30:2:32:Infinity:undefined:undefined:undefined:undefined":4,"s:30:2:32:Infinity":5,"b:30:6:30:28:30:28:30:61":5,"s:31:4:31:Infinity":6,"s:33:2:33:Infinity":7,"f:37:9:37:31":1,"b:38:2:38:Infinity:undefined:undefined:undefined:undefined":6,"s:38:2:38:Infinity":8,"s:38:35:38:Infinity":9,"b:39:2:47:Infinity:undefined:undefined:undefined:undefined":7,"s:39:2:47:Infinity":10,"s:40:4:46:Infinity":11,"f:41:11:41:12":2,"b:42:8:42:Infinity:undefined:undefined:undefined:undefined":8,"s:42:8:42:Infinity":12,"s:42:35:42:Infinity":13,"s:43:22:43:Infinity":14,"s:44:8:44:Infinity":15,"b:44:15:44:29:44:29:44:Infinity":9,"s:48:2:48:Infinity":16,"b:48:16:48:27:48:27:48:29":10,"f:60:16:60:38":3,"s:61:16:61:Infinity":17,"b:62:2:62:Infinity:undefined:undefined:undefined:undefined":11,"s:62:2:62:Infinity":18,"s:62:14:62:Infinity":19,"s:63:13:63:Infinity":20,"s:65:20:65:Infinity":21,"b:66:2:66:Infinity:undefined:undefined:undefined:undefined":12,"s:66:2:66:Infinity":22,"s:66:18:66:Infinity":23,"s:67:15:67:Infinity":24,"s:69:20:69:Infinity":25,"s:70:22:72:Infinity":26,"b:71:6:71:Infinity:72:6:72:Infinity":13,"s:74:21:74:Infinity":27,"s:75:16:77:Infinity":28,"b:76:6:76:Infinity:77:6:77:Infinity":14,"s:79:2:79:Infinity":29,"b:79:42:79:54:79:54:79:58":15,"f:83:9:83:41":4,"s:84:20:84:Infinity":30,"s:85:2:103:Infinity":31,"s:86:4:100:Infinity":32,"f:88:14:88:15":5,"s:88:21:88:63":33,"b:88:21:88:41:88:41:88:63":16,"f:89:15:89:16":6,"s:90:8:99:Infinity":34,"s:91:26:94:Infinity":35,"s:95:24:95:Infinity":36,"s:96:10:96:Infinity":37,"b:96:25:96:35:96:35:96:Infinity":17,"s:98:10:98:Infinity":38,"s:102:4:102:Infinity":39,"f:114:22:114:Infinity":7,"s:118:32:118:Infinity":40,"s:119:2:137:Infinity":41,"s:120:22:120:Infinity":42,"s:121:10:121:Infinity":43,"s:122:14:129:Infinity":44,"b:127:25:127:70:127:70:127:Infinity":18,"s:130:4:134:Infinity":45,"s:131:6:131:Infinity":46,"s:133:6:133:Infinity":47,"s:140:22:140:Infinity":48,"s:143:19:143:Infinity":49,"f:143:41:143:42":8,"s:143:48:143:54":50,"s:144:2:144:Infinity":51,"f:144:46:144:47":9,"s:144:53:144:74":52,"f:147:22:147:41":10,"s:159:4:159:Infinity":53,"s:163:4:163:Infinity":54,"s:166:16:166:Infinity":55,"s:169:20:169:Infinity":56,"s:172:8:172:Infinity":57,"s:175:56:193:Infinity":58,"b:178:14:178:30:178:30:178:Infinity":19,"b:186:23:186:68:186:68:186:Infinity":20,"b:187:18:187:30:187:30:187:Infinity":21,"b:191:27:191:37:191:37:191:41":22,"s:195:39:195:Infinity":59,"s:196:17:196:Infinity":60,"s:199:26:199:Infinity":61,"s:201:2:255:Infinity":62,"s:202:4:252:Infinity":63,"b:203:6:251:Infinity:219:6:251:Infinity":23,"s:203:6:251:Infinity":64,"s:205:22:205:Infinity":65,"b:206:8:218:Infinity:undefined:undefined:undefined:undefined":24,"s:206:8:218:Infinity":66,"s:207:24:207:Infinity":67,"b:208:10:217:Infinity:undefined:undefined:undefined:undefined":25,"s:208:10:217:Infinity":68,"s:209:25:209:Infinity":69,"b:210:12:216:Infinity:undefined:undefined:undefined:undefined":26,"s:210:12:216:Infinity":70,"b:210:16:210:44:210:44:210:61":27,"s:211:14:211:Infinity":71,"s:212:14:215:Infinity":72,"b:219:6:251:Infinity:234:6:251:Infinity":28,"s:219:6:251:Infinity":73,"s:222:25:222:Infinity":74,"s:223:8:233:Infinity":75,"s:224:20:224:Infinity":76,"b:225:10:232:Infinity:undefined:undefined:undefined:undefined":29,"s:225:10:232:Infinity":77,"b:225:14:225:39:225:39:225:47":30,"b:226:12:226:Infinity:undefined:undefined:undefined:undefined":31,"s:226:12:226:Infinity":78,"s:226:22:226:Infinity":79,"s:227:12:231:Infinity":80,"b:230:21:230:32:230:32:230:Infinity":32,"b:234:6:251:Infinity:249:6:251:Infinity":33,"s:234:6:251:Infinity":81,"s:236:25:236:Infinity":82,"b:236:25:236:91:236:91:236:Infinity":34,"s:237:8:248:Infinity":83,"s:238:20:238:Infinity":84,"b:239:10:247:Infinity:undefined:undefined:undefined:undefined":35,"s:239:10:247:Infinity":85,"b:239:14:239:42:239:42:239:57":36,"s:240:29:240:Infinity":86,"b:240:29:240:67:240:67:240:Infinity":37,"s:241:27:241:Infinity":87,"s:242:12:246:Infinity":88,"b:249:6:251:Infinity:undefined:undefined:undefined:undefined":38,"s:249:6:251:Infinity":89,"s:250:8:250:Infinity":90,"s:254:4:254:Infinity":91,"b:258:2:263:Infinity:undefined:undefined:undefined:undefined":39,"s:258:2:263:Infinity":92,"b:258:6:258:25:258:25:258:59":40,"s:259:4:262:Infinity":93,"s:265:2:265:Infinity":94,"s:270:45:283:Infinity":95,"f:271:8:271:12":11,"s:272:19:274:Infinity":96,"s:275:25:275:Infinity":97,"b:275:25:275:51:275:51:275:Infinity":41,"s:277:4:277:Infinity":98,"f:280:8:280:19":12,"s:281:4:281:Infinity":99}}}
,"/Users/dkanbora/personal/AIchemist-ui/electron/agent/mcp-tools.ts": {"path":"/Users/dkanbora/personal/AIchemist-ui/electron/agent/mcp-tools.ts","statementMap":{"0":{"start":{"line":17,"column":2},"end":{"line":17,"column":null}},"1":{"start":{"line":33,"column":39},"end":{"line":35,"column":null}},"2":{"start":{"line":44,"column":4},"end":{"line":48,"column":null}},"3":{"start":{"line":50,"column":4},"end":{"line":57,"column":null}},"4":{"start":{"line":51,"column":23},"end":{"line":51,"column":null}},"5":{"start":{"line":52,"column":6},"end":{"line":56,"column":null}},"6":{"start":{"line":53,"column":23},"end":{"line":53,"column":null}},"7":{"start":{"line":54,"column":8},"end":{"line":54,"column":null}},"8":{"start":{"line":55,"column":8},"end":{"line":55,"column":null}},"9":{"start":{"line":59,"column":19},"end":{"line":59,"column":null}},"10":{"start":{"line":60,"column":4},"end":{"line":60,"column":null}},"11":{"start":{"line":61,"column":4},"end":{"line":61,"column":null}},"12":{"start":{"line":65,"column":24},"end":{"line":70,"column":null}},"13":{"start":{"line":69,"column":14},"end":{"line":69,"column":null}},"14":{"start":{"line":69,"column":56},"end":{"line":69,"column":81}},"15":{"start":{"line":73,"column":25},"end":{"line":78,"column":null}},"16":{"start":{"line":77,"column":14},"end":{"line":77,"column":null}},"17":{"start":{"line":77,"column":57},"end":{"line":77,"column":83}},"18":{"start":{"line":82,"column":26},"end":{"line":103,"column":null}},"19":{"start":{"line":90,"column":6},"end":{"line":90,"column":null}},"20":{"start":{"line":92,"column":23},"end":{"line":92,"column":null}},"21":{"start":{"line":93,"column":6},"end":{"line":97,"column":null}},"22":{"start":{"line":94,"column":23},"end":{"line":94,"column":null}},"23":{"start":{"line":95,"column":8},"end":{"line":95,"column":null}},"24":{"start":{"line":96,"column":8},"end":{"line":96,"column":null}},"25":{"start":{"line":99,"column":21},"end":{"line":99,"column":null}},"26":{"start":{"line":100,"column":6},"end":{"line":100,"column":null}},"27":{"start":{"line":101,"column":6},"end":{"line":101,"column":null}},"28":{"start":{"line":106,"column":23},"end":{"line":111,"column":null}},"29":{"start":{"line":110,"column":14},"end":{"line":110,"column":null}},"30":{"start":{"line":110,"column":48},"end":{"line":110,"column":72}},"31":{"start":{"line":113,"column":2},"end":{"line":117,"column":null}}},"fnMap":{"0":{"name":"textResult","decl":{"start":{"line":16,"column":9},"end":{"line":16,"column":20}},"loc":{"start":{"line":16,"column":34},"end":{"line":18,"column":null}},"line":16},"1":{"name":"createApprovalMcpServer","decl":{"start":{"line":28,"column":22},"end":{"line":28,"column":null}},"loc":{"start":{"line":32,"column":43},"end":{"line":118,"column":null}},"line":32},"2":{"name":"runTool","decl":{"start":{"line":38,"column":17},"end":{"line":38,"column":null}},"loc":{"start":{"line":43,"column":4},"end":{"line":62,"column":null}},"line":43},"3":{"name":"(anonymous_3)","decl":{"start":{"line":69,"column":4},"end":{"line":69,"column":5}},"loc":{"start":{"line":69,"column":14},"end":{"line":69,"column":null}},"line":69},"4":{"name":"(anonymous_4)","decl":{"start":{"line":69,"column":56},"end":{"line":69,"column":62}},"loc":{"start":{"line":69,"column":56},"end":{"line":69,"column":81}},"line":69},"5":{"name":"(anonymous_5)","decl":{"start":{"line":77,"column":4},"end":{"line":77,"column":5}},"loc":{"start":{"line":77,"column":14},"end":{"line":77,"column":null}},"line":77},"6":{"name":"(anonymous_6)","decl":{"start":{"line":77,"column":57},"end":{"line":77,"column":63}},"loc":{"start":{"line":77,"column":57},"end":{"line":77,"column":83}},"line":77},"7":{"name":"(anonymous_7)","decl":{"start":{"line":89,"column":4},"end":{"line":89,"column":11}},"loc":{"start":{"line":89,"column":20},"end":{"line":102,"column":null}},"line":89},"8":{"name":"(anonymous_8)","decl":{"start":{"line":110,"column":4},"end":{"line":110,"column":5}},"loc":{"start":{"line":110,"column":14},"end":{"line":110,"column":null}},"line":110},"9":{"name":"(anonymous_9)","decl":{"start":{"line":110,"column":48},"end":{"line":110,"column":54}},"loc":{"start":{"line":110,"column":48},"end":{"line":110,"column":72}},"line":110}},"branchMap":{"0":{"loc":{"start":{"line":50,"column":4},"end":{"line":57,"column":null}},"type":"if","locations":[{"start":{"line":50,"column":4},"end":{"line":57,"column":null}},{"start":{},"end":{}}],"line":50},"1":{"loc":{"start":{"line":52,"column":6},"end":{"line":56,"column":null}},"type":"if","locations":[{"start":{"line":52,"column":6},"end":{"line":56,"column":null}},{"start":{},"end":{}}],"line":52},"2":{"loc":{"start":{"line":93,"column":6},"end":{"line":97,"column":null}},"type":"if","locations":[{"start":{"line":93,"column":6},"end":{"line":97,"column":null}},{"start":{},"end":{}}],"line":93}},"s":{"0":0,"1":0,"2":0,"3":0,"4":0,"5":0,"6":0,"7":0,"8":0,"9":0,"10":0,"11":0,"12":0,"13":0,"14":0,"15":0,"16":0,"17":0,"18":0,"19":0,"20":0,"21":0,"22":0,"23":0,"24":0,"25":0,"26":0,"27":0,"28":0,"29":0,"30":0,"31":0},"f":{"0":0,"1":0,"2":0,"3":0,"4":0,"5":0,"6":0,"7":0,"8":0,"9":0},"b":{"0":[0,0],"1":[0,0],"2":[0,0]},"meta":{"lastBranch":3,"lastFunction":10,"lastStatement":32,"seen":{"f:16:9:16:20":0,"s:17:2:17:Infinity":0,"f:28:22:28:Infinity":1,"s:33:39:35:Infinity":1,"f:38:17:38:Infinity":2,"s:44:4:48:Infinity":2,"b:50:4:57:Infinity:undefined:undefined:undefined:undefined":0,"s:50:4:57:Infinity":3,"s:51:23:51:Infinity":4,"b:52:6:56:Infinity:undefined:undefined:undefined:undefined":1,"s:52:6:56:Infinity":5,"s:53:23:53:Infinity":6,"s:54:8:54:Infinity":7,"s:55:8:55:Infinity":8,"s:59:19:59:Infinity":9,"s:60:4:60:Infinity":10,"s:61:4:61:Infinity":11,"s:65:24:70:Infinity":12,"f:69:4:69:5":3,"s:69:14:69:Infinity":13,"f:69:56:69:62":4,"s:69:56:69:81":14,"s:73:25:78:Infinity":15,"f:77:4:77:5":5,"s:77:14:77:Infinity":16,"f:77:57:77:63":6,"s:77:57:77:83":17,"s:82:26:103:Infinity":18,"f:89:4:89:11":7,"s:90:6:90:Infinity":19,"s:92:23:92:Infinity":20,"b:93:6:97:Infinity:undefined:undefined:undefined:undefined":2,"s:93:6:97:Infinity":21,"s:94:23:94:Infinity":22,"s:95:8:95:Infinity":23,"s:96:8:96:Infinity":24,"s:99:21:99:Infinity":25,"s:100:6:100:Infinity":26,"s:101:6:101:Infinity":27,"s:106:23:111:Infinity":28,"f:110:4:110:5":8,"s:110:14:110:Infinity":29,"f:110:48:110:54":9,"s:110:48:110:72":30,"s:113:2:117:Infinity":31}}}
,"/Users/dkanbora/personal/AIchemist-ui/electron/agent/skills.ts": {"path":"/Users/dkanbora/personal/AIchemist-ui/electron/agent/skills.ts","statementMap":{"0":{"start":{"line":10,"column":21},"end":{"line":13,"column":null}},"1":{"start":{"line":15,"column":2},"end":{"line":24,"column":null}},"2":{"start":{"line":16,"column":4},"end":{"line":23,"column":null}},"3":{"start":{"line":17,"column":18},"end":{"line":17,"column":null}},"4":{"start":{"line":19,"column":23},"end":{"line":19,"column":null}},"5":{"start":{"line":20,"column":6},"end":{"line":20,"column":null}},"6":{"start":{"line":20,"column":20},"end":{"line":20,"column":null}},"7":{"start":{"line":25,"column":2},"end":{"line":25,"column":null}},"8":{"start":{"line":36,"column":2},"end":{"line":36,"column":null}},"9":{"start":{"line":36,"column":33},"end":{"line":36,"column":null}},"10":{"start":{"line":38,"column":27},"end":{"line":38,"column":null}},"11":{"start":{"line":39,"column":2},"end":{"line":44,"column":null}},"12":{"start":{"line":40,"column":20},"end":{"line":40,"column":null}},"13":{"start":{"line":41,"column":4},"end":{"line":43,"column":null}},"14":{"start":{"line":42,"column":6},"end":{"line":42,"column":null}},"15":{"start":{"line":46,"column":2},"end":{"line":46,"column":null}},"16":{"start":{"line":46,"column":27},"end":{"line":46,"column":null}},"17":{"start":{"line":48,"column":2},"end":{"line":51,"column":null}}},"fnMap":{"0":{"name":"readSkillContent","decl":{"start":{"line":9,"column":9},"end":{"line":9,"column":26}},"loc":{"start":{"line":9,"column":81},"end":{"line":26,"column":null}},"line":9},"1":{"name":"buildSkillsContext","decl":{"start":{"line":32,"column":16},"end":{"line":32,"column":null}},"loc":{"start":{"line":35,"column":10},"end":{"line":53,"column":null}},"line":35}},"branchMap":{"0":{"loc":{"start":{"line":20,"column":6},"end":{"line":20,"column":null}},"type":"if","locations":[{"start":{"line":20,"column":6},"end":{"line":20,"column":null}},{"start":{},"end":{}}],"line":20},"1":{"loc":{"start":{"line":36,"column":2},"end":{"line":36,"column":null}},"type":"if","locations":[{"start":{"line":36,"column":2},"end":{"line":36,"column":null}},{"start":{},"end":{}}],"line":36},"2":{"loc":{"start":{"line":41,"column":4},"end":{"line":43,"column":null}},"type":"if","locations":[{"start":{"line":41,"column":4},"end":{"line":43,"column":null}},{"start":{},"end":{}}],"line":41},"3":{"loc":{"start":{"line":46,"column":2},"end":{"line":46,"column":null}},"type":"if","locations":[{"start":{"line":46,"column":2},"end":{"line":46,"column":null}},{"start":{},"end":{}}],"line":46}},"s":{"0":0,"1":0,"2":0,"3":0,"4":0,"5":0,"6":0,"7":0,"8":0,"9":0,"10":0,"11":0,"12":0,"13":0,"14":0,"15":0,"16":0,"17":0},"f":{"0":0,"1":0},"b":{"0":[0,0],"1":[0,0],"2":[0,0],"3":[0,0]},"meta":{"lastBranch":4,"lastFunction":2,"lastStatement":18,"seen":{"f:9:9:9:26":0,"s:10:21:13:Infinity":0,"s:15:2:24:Infinity":1,"s:16:4:23:Infinity":2,"s:17:18:17:Infinity":3,"s:19:23:19:Infinity":4,"b:20:6:20:Infinity:undefined:undefined:undefined:undefined":0,"s:20:6:20:Infinity":5,"s:20:20:20:Infinity":6,"s:25:2:25:Infinity":7,"f:32:16:32:Infinity":1,"b:36:2:36:Infinity:undefined:undefined:undefined:undefined":1,"s:36:2:36:Infinity":8,"s:36:33:36:Infinity":9,"s:38:27:38:Infinity":10,"s:39:2:44:Infinity":11,"s:40:20:40:Infinity":12,"b:41:4:43:Infinity:undefined:undefined:undefined:undefined":2,"s:41:4:43:Infinity":13,"s:42:6:42:Infinity":14,"b:46:2:46:Infinity:undefined:undefined:undefined:undefined":3,"s:46:2:46:Infinity":15,"s:46:27:46:Infinity":16,"s:48:2:51:Infinity":17}}}
,"/Users/dkanbora/personal/AIchemist-ui/electron/agent/tool-impls.ts": {"path":"/Users/dkanbora/personal/AIchemist-ui/electron/agent/tool-impls.ts","statementMap":{"0":{"start":{"line":16,"column":2},"end":{"line":22,"column":null}},"1":{"start":{"line":17,"column":4},"end":{"line":17,"column":null}},"2":{"start":{"line":18,"column":4},"end":{"line":18,"column":null}},"3":{"start":{"line":19,"column":4},"end":{"line":19,"column":null}},"4":{"start":{"line":21,"column":4},"end":{"line":21,"column":null}},"5":{"start":{"line":28,"column":2},"end":{"line":33,"column":null}},"6":{"start":{"line":29,"column":4},"end":{"line":29,"column":null}},"7":{"start":{"line":30,"column":4},"end":{"line":30,"column":null}},"8":{"start":{"line":32,"column":4},"end":{"line":32,"column":null}},"9":{"start":{"line":40,"column":15},"end":{"line":44,"column":null}},"10":{"start":{"line":45,"column":2},"end":{"line":49,"column":null}},"11":{"start":{"line":53,"column":2},"end":{"line":64,"column":null}},"12":{"start":{"line":54,"column":21},"end":{"line":54,"column":null}},"13":{"start":{"line":55,"column":17},"end":{"line":55,"column":null}},"14":{"start":{"line":56,"column":4},"end":{"line":61,"column":null}},"15":{"start":{"line":63,"column":4},"end":{"line":63,"column":null}}},"fnMap":{"0":{"name":"implWriteFile","decl":{"start":{"line":12,"column":22},"end":{"line":12,"column":36}},"loc":{"start":{"line":15,"column":20},"end":{"line":23,"column":null}},"line":15},"1":{"name":"implDeleteFile","decl":{"start":{"line":25,"column":22},"end":{"line":25,"column":37}},"loc":{"start":{"line":27,"column":20},"end":{"line":34,"column":null}},"line":27},"2":{"name":"implExecuteBash","decl":{"start":{"line":36,"column":22},"end":{"line":36,"column":38}},"loc":{"start":{"line":39,"column":20},"end":{"line":50,"column":null}},"line":39},"3":{"name":"implWebFetch","decl":{"start":{"line":52,"column":22},"end":{"line":52,"column":35}},"loc":{"start":{"line":52,"column":75},"end":{"line":65,"column":null}},"line":52}},"branchMap":{"0":{"loc":{"start":{"line":21,"column":34},"end":{"line":21,"column":82}},"type":"cond-expr","locations":[{"start":{"line":21,"column":57},"end":{"line":21,"column":71}},{"start":{"line":21,"column":71},"end":{"line":21,"column":82}}],"line":21},"1":{"loc":{"start":{"line":32,"column":35},"end":{"line":32,"column":83}},"type":"cond-expr","locations":[{"start":{"line":32,"column":58},"end":{"line":32,"column":72}},{"start":{"line":32,"column":72},"end":{"line":32,"column":83}}],"line":32},"2":{"loc":{"start":{"line":46,"column":12},"end":{"line":46,"column":null}},"type":"binary-expr","locations":[{"start":{"line":46,"column":12},"end":{"line":46,"column":27}},{"start":{"line":46,"column":27},"end":{"line":46,"column":null}}],"line":46},"3":{"loc":{"start":{"line":47,"column":12},"end":{"line":47,"column":null}},"type":"binary-expr","locations":[{"start":{"line":47,"column":12},"end":{"line":47,"column":27}},{"start":{"line":47,"column":27},"end":{"line":47,"column":null}}],"line":47},"4":{"loc":{"start":{"line":48,"column":15},"end":{"line":48,"column":null}},"type":"binary-expr","locations":[{"start":{"line":48,"column":15},"end":{"line":48,"column":30}},{"start":{"line":48,"column":30},"end":{"line":48,"column":null}}],"line":48},"5":{"loc":{"start":{"line":59,"column":20},"end":{"line":59,"column":null}},"type":"binary-expr","locations":[{"start":{"line":59,"column":20},"end":{"line":59,"column":60}},{"start":{"line":59,"column":60},"end":{"line":59,"column":null}}],"line":59},"6":{"loc":{"start":{"line":63,"column":34},"end":{"line":63,"column":82}},"type":"cond-expr","locations":[{"start":{"line":63,"column":57},"end":{"line":63,"column":71}},{"start":{"line":63,"column":71},"end":{"line":63,"column":82}}],"line":63}},"s":{"0":0,"1":0,"2":0,"3":0,"4":0,"5":0,"6":0,"7":0,"8":0,"9":0,"10":0,"11":0,"12":0,"13":0,"14":0,"15":0},"f":{"0":0,"1":0,"2":0,"3":0},"b":{"0":[0,0],"1":[0,0],"2":[0,0],"3":[0,0],"4":[0,0],"5":[0,0],"6":[0,0]},"meta":{"lastBranch":7,"lastFunction":4,"lastStatement":16,"seen":{"f:12:22:12:36":0,"s:16:2:22:Infinity":0,"s:17:4:17:Infinity":1,"s:18:4:18:Infinity":2,"s:19:4:19:Infinity":3,"s:21:4:21:Infinity":4,"b:21:57:21:71:21:71:21:82":0,"f:25:22:25:37":1,"s:28:2:33:Infinity":5,"s:29:4:29:Infinity":6,"s:30:4:30:Infinity":7,"s:32:4:32:Infinity":8,"b:32:58:32:72:32:72:32:83":1,"f:36:22:36:38":2,"s:40:15:44:Infinity":9,"s:45:2:49:Infinity":10,"b:46:12:46:27:46:27:46:Infinity":2,"b:47:12:47:27:47:27:47:Infinity":3,"b:48:15:48:30:48:30:48:Infinity":4,"f:52:22:52:35":3,"s:53:2:64:Infinity":11,"s:54:21:54:Infinity":12,"s:55:17:55:Infinity":13,"s:56:4:61:Infinity":14,"b:59:20:59:60:59:60:59:Infinity":5,"s:63:4:63:Infinity":15,"b:63:57:63:71:63:71:63:82":6}}}
,"/Users/dkanbora/personal/AIchemist-ui/src/components/layout/AppShell.tsx": {"path":"/Users/dkanbora/personal/AIchemist-ui/src/components/layout/AppShell.tsx","statementMap":{"0":{"start":{"line":10,"column":46},"end":{"line":10,"column":null}},"1":{"start":{"line":11,"column":36},"end":{"line":11,"column":null}},"2":{"start":{"line":12,"column":52},"end":{"line":12,"column":null}},"3":{"start":{"line":15,"column":2},"end":{"line":15,"column":null}},"4":{"start":{"line":18,"column":8},"end":{"line":26,"column":null}},"5":{"start":{"line":19,"column":4},"end":{"line":22,"column":null}},"6":{"start":{"line":20,"column":6},"end":{"line":20,"column":null}},"7":{"start":{"line":21,"column":6},"end":{"line":21,"column":null}},"8":{"start":{"line":23,"column":4},"end":{"line":25,"column":null}},"9":{"start":{"line":24,"column":6},"end":{"line":24,"column":null}},"10":{"start":{"line":28,"column":2},"end":{"line":31,"column":null}},"11":{"start":{"line":29,"column":4},"end":{"line":29,"column":null}},"12":{"start":{"line":30,"column":4},"end":{"line":30,"column":null}},"13":{"start":{"line":30,"column":17},"end":{"line":30,"column":null}},"14":{"start":{"line":33,"column":2},"end":{"line":45,"column":null}}},"fnMap":{"0":{"name":"AppShell","decl":{"start":{"line":9,"column":16},"end":{"line":9,"column":27}},"loc":{"start":{"line":9,"column":27},"end":{"line":47,"column":null}},"line":9},"1":{"name":"(anonymous_1)","decl":{"start":{"line":18,"column":36},"end":{"line":18,"column":37}},"loc":{"start":{"line":18,"column":58},"end":{"line":26,"column":5}},"line":18},"2":{"name":"(anonymous_2)","decl":{"start":{"line":28,"column":12},"end":{"line":28,"column":18}},"loc":{"start":{"line":28,"column":18},"end":{"line":31,"column":5}},"line":28},"3":{"name":"(anonymous_3)","decl":{"start":{"line":30,"column":11},"end":{"line":30,"column":17}},"loc":{"start":{"line":30,"column":17},"end":{"line":30,"column":null}},"line":30}},"branchMap":{"0":{"loc":{"start":{"line":19,"column":4},"end":{"line":22,"column":null}},"type":"if","locations":[{"start":{"line":19,"column":4},"end":{"line":22,"column":null}},{"start":{},"end":{}}],"line":19},"1":{"loc":{"start":{"line":19,"column":4},"end":{"line":19,"column":51}},"type":"binary-expr","locations":[{"start":{"line":19,"column":9},"end":{"line":19,"column":22}},{"start":{"line":19,"column":22},"end":{"line":19,"column":36}},{"start":{"line":19,"column":36},"end":{"line":19,"column":51}}],"line":19},"2":{"loc":{"start":{"line":23,"column":4},"end":{"line":25,"column":null}},"type":"if","locations":[{"start":{"line":23,"column":4},"end":{"line":25,"column":null}},{"start":{},"end":{}}],"line":23},"3":{"loc":{"start":{"line":23,"column":8},"end":{"line":23,"column":44}},"type":"binary-expr","locations":[{"start":{"line":23,"column":8},"end":{"line":23,"column":30}},{"start":{"line":23,"column":30},"end":{"line":23,"column":44}}],"line":23},"4":{"loc":{"start":{"line":41,"column":9},"end":{"line":41,"column":null}},"type":"cond-expr","locations":[{"start":{"line":41,"column":24},"end":{"line":41,"column":67}},{"start":{"line":41,"column":67},"end":{"line":41,"column":null}}],"line":41}},"s":{"0":2,"1":2,"2":2,"3":2,"4":2,"5":0,"6":0,"7":0,"8":0,"9":0,"10":2,"11":2,"12":2,"13":2,"14":2},"f":{"0":2,"1":0,"2":2,"3":2},"b":{"0":[0,0],"1":[0,0,0],"2":[0,0],"3":[0,0],"4":[1,1]},"meta":{"lastBranch":5,"lastFunction":4,"lastStatement":15,"seen":{"f:9:16:9:27":0,"s:10:46:10:Infinity":0,"s:11:36:11:Infinity":1,"s:12:52:12:Infinity":2,"s:15:2:15:Infinity":3,"s:18:8:26:Infinity":4,"f:18:36:18:37":1,"b:19:4:22:Infinity:undefined:undefined:undefined:undefined":0,"s:19:4:22:Infinity":5,"b:19:9:19:22:19:22:19:36:19:36:19:51":1,"s:20:6:20:Infinity":6,"s:21:6:21:Infinity":7,"b:23:4:25:Infinity:undefined:undefined:undefined:undefined":2,"s:23:4:25:Infinity":8,"b:23:8:23:30:23:30:23:44":3,"s:24:6:24:Infinity":9,"s:28:2:31:Infinity":10,"f:28:12:28:18":2,"s:29:4:29:Infinity":11,"s:30:4:30:Infinity":12,"f:30:11:30:17":3,"s:30:17:30:Infinity":13,"s:33:2:45:Infinity":14,"b:41:24:41:67:41:67:41:Infinity":4}}}
,"/Users/dkanbora/personal/AIchemist-ui/src/components/session/AgentsPanel.tsx": {"path":"/Users/dkanbora/personal/AIchemist-ui/src/components/session/AgentsPanel.tsx","statementMap":{"0":{"start":{"line":20,"column":2},"end":{"line":50,"column":null}},"1":{"start":{"line":57,"column":2},"end":{"line":65,"column":null}},"2":{"start":{"line":78,"column":2},"end":{"line":84,"column":null}},"3":{"start":{"line":91,"column":58},"end":{"line":91,"column":null}},"4":{"start":{"line":92,"column":36},"end":{"line":92,"column":null}},"5":{"start":{"line":93,"column":24},"end":{"line":93,"column":null}},"6":{"start":{"line":93,"column":45},"end":{"line":93,"column":69}},"7":{"start":{"line":95,"column":19},"end":{"line":95,"column":null}},"8":{"start":{"line":96,"column":22},"end":{"line":96,"column":null}},"9":{"start":{"line":98,"column":26},"end":{"line":98,"column":null}},"10":{"start":{"line":99,"column":36},"end":{"line":99,"column":null}},"11":{"start":{"line":100,"column":26},"end":{"line":100,"column":null}},"12":{"start":{"line":102,"column":24},"end":{"line":102,"column":null}},"13":{"start":{"line":105,"column":2},"end":{"line":113,"column":null}},"14":{"start":{"line":106,"column":4},"end":{"line":106,"column":null}},"15":{"start":{"line":106,"column":50},"end":{"line":106,"column":null}},"16":{"start":{"line":107,"column":4},"end":{"line":107,"column":null}},"17":{"start":{"line":108,"column":4},"end":{"line":108,"column":null}},"18":{"start":{"line":109,"column":4},"end":{"line":112,"column":null}},"19":{"start":{"line":112,"column":22},"end":{"line":112,"column":49}},"20":{"start":{"line":116,"column":2},"end":{"line":123,"column":null}},"21":{"start":{"line":117,"column":4},"end":{"line":117,"column":null}},"22":{"start":{"line":117,"column":22},"end":{"line":117,"column":null}},"23":{"start":{"line":118,"column":4},"end":{"line":118,"column":null}},"24":{"start":{"line":119,"column":4},"end":{"line":122,"column":null}},"25":{"start":{"line":122,"column":19},"end":{"line":122,"column":32}},"26":{"start":{"line":126,"column":4},"end":{"line":126,"column":null}},"27":{"start":{"line":126,"column":26},"end":{"line":126,"column":null}},"28":{"start":{"line":127,"column":4},"end":{"line":127,"column":null}},"29":{"start":{"line":130,"column":2},"end":{"line":184,"column":null}},"30":{"start":{"line":157,"column":12},"end":{"line":162,"column":null}},"31":{"start":{"line":161,"column":30},"end":{"line":161,"column":null}},"32":{"start":{"line":181,"column":32},"end":{"line":181,"column":76}}},"fnMap":{"0":{"name":"AgentCard","decl":{"start":{"line":11,"column":9},"end":{"line":11,"column":19}},"loc":{"start":{"line":19,"column":3},"end":{"line":52,"column":null}},"line":19},"1":{"name":"SkillCard","decl":{"start":{"line":56,"column":9},"end":{"line":56,"column":19}},"loc":{"start":{"line":56,"column":52},"end":{"line":67,"column":null}},"line":56},"2":{"name":"SectionHeader","decl":{"start":{"line":71,"column":9},"end":{"line":71,"column":23}},"loc":{"start":{"line":77,"column":3},"end":{"line":86,"column":null}},"line":77},"3":{"name":"AgentsPanel","decl":{"start":{"line":90,"column":16},"end":{"line":90,"column":30}},"loc":{"start":{"line":90,"column":30},"end":{"line":186,"column":null}},"line":90},"4":{"name":"(anonymous_4)","decl":{"start":{"line":93,"column":38},"end":{"line":93,"column":39}},"loc":{"start":{"line":93,"column":45},"end":{"line":93,"column":69}},"line":93},"5":{"name":"(anonymous_5)","decl":{"start":{"line":105,"column":12},"end":{"line":105,"column":18}},"loc":{"start":{"line":105,"column":18},"end":{"line":113,"column":5}},"line":105},"6":{"name":"(anonymous_6)","decl":{"start":{"line":112,"column":13},"end":{"line":112,"column":14}},"loc":{"start":{"line":112,"column":22},"end":{"line":112,"column":49}},"line":112},"7":{"name":"(anonymous_7)","decl":{"start":{"line":116,"column":12},"end":{"line":116,"column":18}},"loc":{"start":{"line":116,"column":18},"end":{"line":123,"column":5}},"line":116},"8":{"name":"(anonymous_8)","decl":{"start":{"line":122,"column":13},"end":{"line":122,"column":19}},"loc":{"start":{"line":122,"column":19},"end":{"line":122,"column":32}},"line":122},"9":{"name":"toggleAgent","decl":{"start":{"line":125,"column":11},"end":{"line":125,"column":23}},"loc":{"start":{"line":125,"column":37},"end":{"line":128,"column":null}},"line":125},"10":{"name":"(anonymous_10)","decl":{"start":{"line":156,"column":22},"end":{"line":156,"column":23}},"loc":{"start":{"line":157,"column":12},"end":{"line":162,"column":null}},"line":157},"11":{"name":"(anonymous_11)","decl":{"start":{"line":161,"column":24},"end":{"line":161,"column":30}},"loc":{"start":{"line":161,"column":30},"end":{"line":161,"column":null}},"line":161},"12":{"name":"(anonymous_12)","decl":{"start":{"line":181,"column":21},"end":{"line":181,"column":22}},"loc":{"start":{"line":181,"column":32},"end":{"line":181,"column":76}},"line":181}},"branchMap":{"0":{"loc":{"start":{"line":25,"column":8},"end":{"line":27,"column":null}},"type":"cond-expr","locations":[{"start":{"line":26,"column":12},"end":{"line":26,"column":null}},{"start":{"line":27,"column":12},"end":{"line":27,"column":null}}],"line":25},"1":{"loc":{"start":{"line":34,"column":13},"end":{"line":37,"column":null}},"type":"binary-expr","locations":[{"start":{"line":34,"column":13},"end":{"line":34,"column":null}},{"start":{"line":35,"column":14},"end":{"line":37,"column":null}}],"line":34},"2":{"loc":{"start":{"line":40,"column":11},"end":{"line":43,"column":null}},"type":"binary-expr","locations":[{"start":{"line":40,"column":11},"end":{"line":40,"column":null}},{"start":{"line":41,"column":12},"end":{"line":43,"column":null}}],"line":40},"3":{"loc":{"start":{"line":46,"column":9},"end":{"line":47,"column":null}},"type":"binary-expr","locations":[{"start":{"line":46,"column":9},"end":{"line":46,"column":null}},{"start":{"line":47,"column":10},"end":{"line":47,"column":null}}],"line":46},"4":{"loc":{"start":{"line":60,"column":7},"end":{"line":63,"column":null}},"type":"binary-expr","locations":[{"start":{"line":60,"column":7},"end":{"line":60,"column":null}},{"start":{"line":61,"column":8},"end":{"line":63,"column":null}}],"line":60},"5":{"loc":{"start":{"line":96,"column":22},"end":{"line":96,"column":null}},"type":"binary-expr","locations":[{"start":{"line":96,"column":22},"end":{"line":96,"column":45}},{"start":{"line":96,"column":45},"end":{"line":96,"column":null}}],"line":96},"6":{"loc":{"start":{"line":102,"column":24},"end":{"line":102,"column":null}},"type":"cond-expr","locations":[{"start":{"line":102,"column":43},"end":{"line":102,"column":85}},{"start":{"line":102,"column":85},"end":{"line":102,"column":null}}],"line":102},"7":{"loc":{"start":{"line":102,"column":43},"end":{"line":102,"column":85}},"type":"binary-expr","locations":[{"start":{"line":102,"column":43},"end":{"line":102,"column":77}},{"start":{"line":102,"column":77},"end":{"line":102,"column":85}}],"line":102},"8":{"loc":{"start":{"line":106,"column":4},"end":{"line":106,"column":null}},"type":"if","locations":[{"start":{"line":106,"column":4},"end":{"line":106,"column":null}},{"start":{},"end":{}}],"line":106},"9":{"loc":{"start":{"line":106,"column":8},"end":{"line":106,"column":50}},"type":"binary-expr","locations":[{"start":{"line":106,"column":8},"end":{"line":106,"column":24}},{"start":{"line":106,"column":24},"end":{"line":106,"column":50}}],"line":106},"10":{"loc":{"start":{"line":117,"column":4},"end":{"line":117,"column":null}},"type":"if","locations":[{"start":{"line":117,"column":4},"end":{"line":117,"column":null}},{"start":{},"end":{}}],"line":117},"11":{"loc":{"start":{"line":126,"column":4},"end":{"line":126,"column":null}},"type":"if","locations":[{"start":{"line":126,"column":4},"end":{"line":126,"column":null}},{"start":{},"end":{}}],"line":126},"12":{"loc":{"start":{"line":127,"column":37},"end":{"line":127,"column":73}},"type":"cond-expr","locations":[{"start":{"line":127,"column":62},"end":{"line":127,"column":69}},{"start":{"line":127,"column":69},"end":{"line":127,"column":73}}],"line":127},"13":{"loc":{"start":{"line":136,"column":9},"end":{"line":163,"column":null}},"type":"cond-expr","locations":[{"start":{"line":137,"column":10},"end":{"line":140,"column":null}},{"start":{"line":141,"column":12},"end":{"line":163,"column":null}}],"line":136},"14":{"loc":{"start":{"line":141,"column":12},"end":{"line":163,"column":null}},"type":"cond-expr","locations":[{"start":{"line":142,"column":10},"end":{"line":145,"column":null}},{"start":{"line":146,"column":12},"end":{"line":163,"column":null}}],"line":141},"15":{"loc":{"start":{"line":141,"column":12},"end":{"line":141,"column":null}},"type":"binary-expr","locations":[{"start":{"line":141,"column":12},"end":{"line":141,"column":31}},{"start":{"line":141,"column":31},"end":{"line":141,"column":null}}],"line":141},"16":{"loc":{"start":{"line":146,"column":12},"end":{"line":163,"column":null}},"type":"cond-expr","locations":[{"start":{"line":147,"column":10},"end":{"line":150,"column":null}},{"start":{"line":151,"column":12},"end":{"line":163,"column":null}}],"line":146},"17":{"loc":{"start":{"line":151,"column":12},"end":{"line":163,"column":null}},"type":"cond-expr","locations":[{"start":{"line":152,"column":10},"end":{"line":154,"column":null}},{"start":{"line":156,"column":10},"end":{"line":163,"column":null}}],"line":151},"18":{"loc":{"start":{"line":151,"column":12},"end":{"line":151,"column":null}},"type":"binary-expr","locations":[{"start":{"line":151,"column":12},"end":{"line":151,"column":22}},{"start":{"line":151,"column":22},"end":{"line":151,"column":null}}],"line":151},"19":{"loc":{"start":{"line":171,"column":9},"end":{"line":181,"column":null}},"type":"cond-expr","locations":[{"start":{"line":172,"column":10},"end":{"line":175,"column":null}},{"start":{"line":176,"column":12},"end":{"line":181,"column":null}}],"line":171},"20":{"loc":{"start":{"line":176,"column":12},"end":{"line":181,"column":null}},"type":"cond-expr","locations":[{"start":{"line":177,"column":10},"end":{"line":179,"column":null}},{"start":{"line":181,"column":10},"end":{"line":181,"column":null}}],"line":176}},"s":{"0":12,"1":2,"2":40,"3":20,"4":20,"5":20,"6":20,"7":20,"8":20,"9":20,"10":20,"11":20,"12":20,"13":20,"14":10,"15":1,"16":9,"17":9,"18":9,"19":1,"20":20,"21":10,"22":0,"23":10,"24":10,"25":0,"26":2,"27":0,"28":2,"29":20,"30":12,"31":2,"32":2},"f":{"0":12,"1":2,"2":40,"3":20,"4":20,"5":10,"6":1,"7":10,"8":0,"9":2,"10":12,"11":2,"12":2},"b":{"0":[2,10],"1":[12,6],"2":[12,12],"3":[12,2],"4":[2,2],"5":[20,0],"6":[20,0],"7":[20,17],"8":[1,9],"9":[10,10],"10":[0,10],"11":[0,2],"12":[1,1],"13":[1,19],"14":[9,10],"15":[19,10],"16":[1,9],"17":[3,6],"18":[9,9],"19":[10,10],"20":[9,1]},"meta":{"lastBranch":21,"lastFunction":13,"lastStatement":33,"seen":{"f:11:9:11:19":0,"s:20:2:50:Infinity":0,"b:26:12:26:Infinity:27:12:27:Infinity":0,"b:34:13:34:Infinity:35:14:37:Infinity":1,"b:40:11:40:Infinity:41:12:43:Infinity":2,"b:46:9:46:Infinity:47:10:47:Infinity":3,"f:56:9:56:19":1,"s:57:2:65:Infinity":1,"b:60:7:60:Infinity:61:8:63:Infinity":4,"f:71:9:71:23":2,"s:78:2:84:Infinity":2,"f:90:16:90:30":3,"s:91:58:91:Infinity":3,"s:92:36:92:Infinity":4,"s:93:24:93:Infinity":5,"f:93:38:93:39":4,"s:93:45:93:69":6,"s:95:19:95:Infinity":7,"s:96:22:96:Infinity":8,"b:96:22:96:45:96:45:96:Infinity":5,"s:98:26:98:Infinity":9,"s:99:36:99:Infinity":10,"s:100:26:100:Infinity":11,"s:102:24:102:Infinity":12,"b:102:43:102:85:102:85:102:Infinity":6,"b:102:43:102:77:102:77:102:85":7,"s:105:2:113:Infinity":13,"f:105:12:105:18":5,"b:106:4:106:Infinity:undefined:undefined:undefined:undefined":8,"s:106:4:106:Infinity":14,"b:106:8:106:24:106:24:106:50":9,"s:106:50:106:Infinity":15,"s:107:4:107:Infinity":16,"s:108:4:108:Infinity":17,"s:109:4:112:Infinity":18,"f:112:13:112:14":6,"s:112:22:112:49":19,"s:116:2:123:Infinity":20,"f:116:12:116:18":7,"b:117:4:117:Infinity:undefined:undefined:undefined:undefined":10,"s:117:4:117:Infinity":21,"s:117:22:117:Infinity":22,"s:118:4:118:Infinity":23,"s:119:4:122:Infinity":24,"f:122:13:122:19":8,"s:122:19:122:32":25,"f:125:11:125:23":9,"b:126:4:126:Infinity:undefined:undefined:undefined:undefined":11,"s:126:4:126:Infinity":26,"s:126:26:126:Infinity":27,"s:127:4:127:Infinity":28,"b:127:62:127:69:127:69:127:73":12,"s:130:2:184:Infinity":29,"b:137:10:140:Infinity:141:12:163:Infinity":13,"b:142:10:145:Infinity:146:12:163:Infinity":14,"b:141:12:141:31:141:31:141:Infinity":15,"b:147:10:150:Infinity:151:12:163:Infinity":16,"b:152:10:154:Infinity:156:10:163:Infinity":17,"b:151:12:151:22:151:22:151:Infinity":18,"f:156:22:156:23":10,"s:157:12:162:Infinity":30,"f:161:24:161:30":11,"s:161:30:161:Infinity":31,"b:172:10:175:Infinity:176:12:181:Infinity":19,"b:177:10:179:Infinity:181:10:181:Infinity":20,"f:181:21:181:22":12,"s:181:32:181:76":32}}}
,"/Users/dkanbora/personal/AIchemist-ui/src/components/session/SessionTabBar.tsx": {"path":"/Users/dkanbora/personal/AIchemist-ui/src/components/session/SessionTabBar.tsx","statementMap":{"0":{"start":{"line":16,"column":111},"end":{"line":17,"column":null}},"1":{"start":{"line":19,"column":26},"end":{"line":21,"column":null}},"2":{"start":{"line":20,"column":19},"end":{"line":20,"column":45}},"3":{"start":{"line":21,"column":20},"end":{"line":21,"column":60}},"4":{"start":{"line":24,"column":2},"end":{"line":37,"column":null}},"5":{"start":{"line":25,"column":4},"end":{"line":35,"column":null}},"6":{"start":{"line":27,"column":8},"end":{"line":27,"column":null}},"7":{"start":{"line":29,"column":30},"end":{"line":29,"column":null}},"8":{"start":{"line":30,"column":28},"end":{"line":30,"column":null}},"9":{"start":{"line":30,"column":45},"end":{"line":30,"column":67}},"10":{"start":{"line":31,"column":8},"end":{"line":33,"column":null}},"11":{"start":{"line":32,"column":10},"end":{"line":32,"column":null}},"12":{"start":{"line":39,"column":8},"end":{"line":47,"column":null}},"13":{"start":{"line":40,"column":4},"end":{"line":46,"column":null}},"14":{"start":{"line":41,"column":22},"end":{"line":41,"column":null}},"15":{"start":{"line":42,"column":6},"end":{"line":42,"column":null}},"16":{"start":{"line":43,"column":6},"end":{"line":43,"column":null}},"17":{"start":{"line":45,"column":6},"end":{"line":45,"column":null}},"18":{"start":{"line":49,"column":8},"end":{"line":56,"column":null}},"19":{"start":{"line":51,"column":6},"end":{"line":51,"column":null}},"20":{"start":{"line":52,"column":6},"end":{"line":52,"column":null}},"21":{"start":{"line":53,"column":6},"end":{"line":53,"column":null}},"22":{"start":{"line":58,"column":2},"end":{"line":133,"column":null}},"23":{"start":{"line":65,"column":25},"end":{"line":65,"column":null}},"24":{"start":{"line":66,"column":36},"end":{"line":68,"column":null}},"25":{"start":{"line":69,"column":38},"end":{"line":71,"column":null}},"26":{"start":{"line":72,"column":31},"end":{"line":72,"column":null}},"27":{"start":{"line":73,"column":10},"end":{"line":118,"column":null}},"28":{"start":{"line":76,"column":31},"end":{"line":76,"column":null}},"29":{"start":{"line":110,"column":34},"end":{"line":110,"column":null}},"30":{"start":{"line":111,"column":36},"end":{"line":111,"column":null}}},"fnMap":{"0":{"name":"SessionTabBar","decl":{"start":{"line":15,"column":16},"end":{"line":15,"column":30}},"loc":{"start":{"line":15,"column":65},"end":{"line":135,"column":null}},"line":15},"1":{"name":"(anonymous_1)","decl":{"start":{"line":20,"column":12},"end":{"line":20,"column":13}},"loc":{"start":{"line":20,"column":19},"end":{"line":20,"column":45}},"line":20},"2":{"name":"(anonymous_2)","decl":{"start":{"line":21,"column":10},"end":{"line":21,"column":11}},"loc":{"start":{"line":21,"column":20},"end":{"line":21,"column":60}},"line":21},"3":{"name":"(anonymous_3)","decl":{"start":{"line":24,"column":12},"end":{"line":24,"column":18}},"loc":{"start":{"line":24,"column":18},"end":{"line":37,"column":5}},"line":24},"4":{"name":"(anonymous_4)","decl":{"start":{"line":26,"column":12},"end":{"line":26,"column":13}},"loc":{"start":{"line":26,"column":22},"end":{"line":34,"column":7}},"line":26},"5":{"name":"(anonymous_5)","decl":{"start":{"line":30,"column":38},"end":{"line":30,"column":39}},"loc":{"start":{"line":30,"column":45},"end":{"line":30,"column":67}},"line":30},"6":{"name":"(anonymous_6)","decl":{"start":{"line":39,"column":39},"end":{"line":39,"column":51}},"loc":{"start":{"line":39,"column":51},"end":{"line":47,"column":5}},"line":39},"7":{"name":"(anonymous_7)","decl":{"start":{"line":50,"column":4},"end":{"line":50,"column":11}},"loc":{"start":{"line":50,"column":54},"end":{"line":54,"column":null}},"line":50},"8":{"name":"(anonymous_8)","decl":{"start":{"line":64,"column":29},"end":{"line":64,"column":30}},"loc":{"start":{"line":64,"column":42},"end":{"line":120,"column":9}},"line":64},"9":{"name":"(anonymous_9)","decl":{"start":{"line":76,"column":25},"end":{"line":76,"column":31}},"loc":{"start":{"line":76,"column":31},"end":{"line":76,"column":null}},"line":76},"10":{"name":"(anonymous_10)","decl":{"start":{"line":110,"column":27},"end":{"line":110,"column":28}},"loc":{"start":{"line":110,"column":34},"end":{"line":110,"column":null}},"line":110},"11":{"name":"(anonymous_11)","decl":{"start":{"line":111,"column":29},"end":{"line":111,"column":30}},"loc":{"start":{"line":111,"column":36},"end":{"line":111,"column":null}},"line":111}},"branchMap":{"0":{"loc":{"start":{"line":31,"column":8},"end":{"line":33,"column":null}},"type":"if","locations":[{"start":{"line":31,"column":8},"end":{"line":33,"column":null}},{"start":{},"end":{}}],"line":31},"1":{"loc":{"start":{"line":31,"column":12},"end":{"line":31,"column":45}},"type":"binary-expr","locations":[{"start":{"line":31,"column":12},"end":{"line":31,"column":28}},{"start":{"line":31,"column":28},"end":{"line":31,"column":45}}],"line":31},"2":{"loc":{"start":{"line":61,"column":9},"end":{"line":62,"column":null}},"type":"binary-expr","locations":[{"start":{"line":61,"column":9},"end":{"line":61,"column":null}},{"start":{"line":62,"column":10},"end":{"line":62,"column":null}}],"line":61},"3":{"loc":{"start":{"line":66,"column":36},"end":{"line":68,"column":null}},"type":"cond-expr
[...]
0,"column":9}},"line":161},"19":{"name":"(anonymous_19)","decl":{"start":{"line":172,"column":21},"end":{"line":172,"column":22}},"loc":{"start":{"line":173,"column":8},"end":{"line":186,"column":null}},"line":173},"20":{"name":"(anonymous_20)","decl":{"start":{"line":173,"column":12},"end":{"line":173,"column":13}},"loc":{"start":{"line":173,"column":23},"end":{"line":186,"column":9}},"line":173},"21":{"name":"(anonymous_21)","decl":{"start":{"line":177,"column":30},"end":{"line":177,"column":31}},"loc":{"start":{"line":177,"column":37},"end":{"line":177,"column":56}},"line":177},"22":{"name":"(anonymous_22)","decl":{"start":{"line":188,"column":28},"end":{"line":188,"column":29}},"loc":{"start":{"line":189,"column":8},"end":{"line":194,"column":null}},"line":189},"23":{"name":"(anonymous_23)","decl":{"start":{"line":189,"column":12},"end":{"line":189,"column":13}},"loc":{"start":{"line":189,"column":24},"end":{"line":194,"column":10}},"line":189},"24":{"name":"(anonymous_24)","decl":{"start":{"line":196,"column":26},"end":{"line":196,"column":27}},"loc":{"start":{"line":197,"column":8},"end":{"line":200,"column":null}},"line":197},"25":{"name":"(anonymous_25)","decl":{"start":{"line":197,"column":12},"end":{"line":197,"column":13}},"loc":{"start":{"line":197,"column":23},"end":{"line":200,"column":9}},"line":197},"26":{"name":"(anonymous_26)","decl":{"start":{"line":202,"column":23},"end":{"line":202,"column":24}},"loc":{"start":{"line":203,"column":8},"end":{"line":208,"column":null}},"line":203},"27":{"name":"(anonymous_27)","decl":{"start":{"line":203,"column":12},"end":{"line":203,"column":13}},"loc":{"start":{"line":203,"column":24},"end":{"line":208,"column":10}},"line":203},"28":{"name":"(anonymous_28)","decl":{"start":{"line":210,"column":28},"end":{"line":210,"column":29}},"loc":{"start":{"line":211,"column":8},"end":{"line":218,"column":null}},"line":211},"29":{"name":"(anonymous_29)","decl":{"start":{"line":211,"column":12},"end":{"line":211,"column":13}},"loc":{"start":{"line":211,"column":24},"end":{"line":218,"column":10}},"line":211},"30":{"name":"(anonymous_30)","decl":{"start":{"line":214,"column":68},"end":{"line":214,"column":69}},"loc":{"start":{"line":215,"column":14},"end":{"line":215,"column":null}},"line":215},"31":{"name":"(anonymous_31)","decl":{"start":{"line":220,"column":27},"end":{"line":220,"column":28}},"loc":{"start":{"line":221,"column":8},"end":{"line":228,"column":null}},"line":221},"32":{"name":"(anonymous_32)","decl":{"start":{"line":221,"column":12},"end":{"line":221,"column":13}},"loc":{"start":{"line":221,"column":24},"end":{"line":228,"column":10}},"line":221},"33":{"name":"(anonymous_33)","decl":{"start":{"line":224,"column":68},"end":{"line":224,"column":69}},"loc":{"start":{"line":225,"column":14},"end":{"line":225,"column":null}},"line":225},"34":{"name":"(anonymous_34)","decl":{"start":{"line":230,"column":26},"end":{"line":230,"column":27}},"loc":{"start":{"line":231,"column":8},"end":{"line":234,"column":null}},"line":231},"35":{"name":"(anonymous_35)","decl":{"start":{"line":231,"column":12},"end":{"line":231,"column":13}},"loc":{"start":{"line":231,"column":23},"end":{"line":234,"column":9}},"line":231},"36":{"name":"(anonymous_36)","decl":{"start":{"line":236,"column":26},"end":{"line":236,"column":27}},"loc":{"start":{"line":237,"column":8},"end":{"line":242,"column":null}},"line":237},"37":{"name":"(anonymous_37)","decl":{"start":{"line":237,"column":12},"end":{"line":237,"column":13}},"loc":{"start":{"line":237,"column":24},"end":{"line":242,"column":10}},"line":237},"38":{"name":"(anonymous_38)","decl":{"start":{"line":244,"column":23},"end":{"line":244,"column":24}},"loc":{"start":{"line":245,"column":8},"end":{"line":255,"column":null}},"line":245},"39":{"name":"(anonymous_39)","decl":{"start":{"line":245,"column":12},"end":{"line":245,"column":13}},"loc":{"start":{"line":245,"column":23},"end":{"line":255,"column":9}},"line":245},"40":{"name":"(anonymous_40)","decl":{"start":{"line":247,"column":40},"end":{"line":247,"column":41}},"loc":{"start":{"line":247,"column":47},"end":{"line":247,"column":74}},"line":247},"41":{"name":"(anonymous_41)","decl":{"start":{"line":252,"column":44},"end":{"line":252,"column":45}},"loc":{"start":{"line":252,"column":51},"end":{"line":252,"column":78}},"line":252},"42":{"name":"(anonymous_42)","decl":{"start":{"line":257,"column":29},"end":{"line":257,"column":30}},"loc":{"start":{"line":258,"column":8},"end":{"line":263,"column":null}},"line":258},"43":{"name":"(anonymous_43)","decl":{"start":{"line":258,"column":12},"end":{"line":258,"column":13}},"loc":{"start":{"line":258,"column":23},"end":{"line":263,"column":9}},"line":258},"44":{"name":"(anonymous_44)","decl":{"start":{"line":260,"column":60},"end":{"line":260,"column":61}},"loc":{"start":{"line":260,"column":67},"end":{"line":260,"column":83}},"line":260},"45":{"name":"(anonymous_45)","decl":{"start":{"line":265,"column":28},"end":{"line":265,"column":29}},"loc":{"start":{"line":266,"column":8},"end":{"line":271,"column":null}},"line":266},"46":{"name":"(anonymous_46)","decl":{"start":{"line":266,"column":12},"end":{"line":266,"column":13}},"loc":{"start":{"line":266,"column":24},"end":{"line":271,"column":10}},"line":266},"47":{"name":"(anonymous_47)","decl":{"start":{"line":273,"column":27},"end":{"line":273,"column":28}},"loc":{"start":{"line":274,"column":8},"end":{"line":277,"column":null}},"line":274},"48":{"name":"(anonymous_48)","decl":{"start":{"line":274,"column":12},"end":{"line":274,"column":13}},"loc":{"start":{"line":274,"column":23},"end":{"line":277,"column":9}},"line":274},"49":{"name":"(anonymous_49)","decl":{"start":{"line":279,"column":23},"end":{"line":279,"column":24}},"loc":{"start":{"line":280,"column":8},"end":{"line":284,"column":null}},"line":280},"50":{"name":"(anonymous_50)","decl":{"start":{"line":280,"column":12},"end":{"line":280,"column":13}},"loc":{"start":{"line":280,"column":24},"end":{"line":284,"column":10}},"line":280},"51":{"name":"(anonymous_51)","decl":{"start":{"line":282,"column":15},"end":{"line":282,"column":21}},"loc":{"start":{"line":282,"column":21},"end":{"line":282,"column":96}},"line":282},"52":{"name":"(anonymous_52)","decl":{"start":{"line":286,"column":24},"end":{"line":286,"column":25}},"loc":{"start":{"line":287,"column":8},"end":{"line":289,"column":null}},"line":287},"53":{"name":"(anonymous_53)","decl":{"start":{"line":287,"column":12},"end":{"line":287,"column":13}},"loc":{"start":{"line":287,"column":24},"end":{"line":289,"column":10}},"line":287},"54":{"name":"(anonymous_54)","decl":{"start":{"line":294,"column":18},"end":{"line":294,"column":19}},"loc":{"start":{"line":294,"column":30},"end":{"line":294,"column":null}},"line":294}},"branchMap":{"0":{"loc":{"start":{"line":92,"column":28},"end":{"line":92,"column":null}},"type":"binary-expr","locations":[{"start":{"line":92,"column":28},"end":{"line":92,"column":62}},{"start":{"line":92,"column":62},"end":{"line":92,"column":null}}],"line":92},"1":{"loc":{"start":{"line":104,"column":30},"end":{"line":106,"column":null}},"type":"cond-expr","locations":[{"start":{"line":105,"column":14},"end":{"line":105,"column":null}},{"start":{"line":106,"column":14},"end":{"line":106,"column":null}}],"line":104},"2":{"loc":{"start":{"line":107,"column":31},"end":{"line":109,"column":null}},"type":"cond-expr","locations":[{"start":{"line":108,"column":14},"end":{"line":108,"column":null}},{"start":{"line":109,"column":14},"end":{"line":109,"column":null}}],"line":107},"3":{"loc":{"start":{"line":107,"column":31},"end":{"line":107,"column":null}},"type":"binary-expr","locations":[{"start":{"line":107,"column":31},"end":{"line":107,"column":57}},{"start":{"line":107,"column":57},"end":{"line":107,"column":null}}],"line":107},"4":{"loc":{"start":{"line":114,"column":20},"end":{"line":114,"column":null}},"type":"binary-expr","locations":[{"start":{"line":114,"column":20},"end":{"line":114,"column":32}},{"start":{"line":114,"column":32},"end":{"line":114,"column":null}}],"line":114},"5":{"loc":{"start":{"line":135,"column":14},"end":{"line":135,"column":null}},"type":"cond-expr","locations":[{"start":{"line":135,"column":45},"end":{"line":135,"column":52}},{"start":{"line":135,"column":52},"end":{"line":135,"column":null}}],"line":135},"6":{"loc":{"start":{"line":142,"column":10},"end":{"line":142,"column":null}},"type":"if","locations":[{"start":{"line":142,"column":10},"end":{"line":142,"column":null}},{"start":{},"end":{}}],"line":142},"7":{"loc":{"start":{"line":149,"column":10},"end":{"line":149,"column":null}},"type":"if","locations":[{"start":{"line":149,"column":10},"end":{"line":149,"column":null}},{"start":{},"end":{}}],"line":149},"8":{"loc":{"start":{"line":156,"column":10},"end":{"line":156,"column":null}},"type":"if","locations":[{"start":{"line":156,"column":10},"end":{"line":156,"column":null}},{"start":{},"end":{}}],"line":156},"9":{"loc":{"start":{"line":163,"column":10},"end":{"line":163,"column":null}},"type":"if","locations":[{"start":{"line":163,"column":10},"end":{"line":163,"column":null}},{"start":{},"end":{}}],"line":163},"10":{"loc":{"start":{"line":175,"column":10},"end":{"line":175,"column":null}},"type":"if","locations":[{"start":{"line":175,"column":10},"end":{"line":175,"column":null}},{"start":{},"end":{}}],"line":175},"11":{"loc":{"start":{"line":177,"column":10},"end":{"line":177,"column":null}},"type":"if","locations":[{"start":{"line":177,"column":10},"end":{"line":177,"column":null}},{"start":{},"end":{}}],"line":177},"12":{"loc":{"start":{"line":192,"column":26},"end":{"line":192,"column":66}},"type":"binary-expr","locations":[{"start":{"line":192,"column":26},"end":{"line":192,"column":60}},{"start":{"line":192,"column":60},"end":{"line":192,"column":66}}],"line":192},"13":{"loc":{"start":{"line":206,"column":30},"end":{"line":206,"column":69}},"type":"binary-expr","locations":[{"start":{"line":206,"column":30},"end":{"line":206,"column":64}},{"start":{"line":206,"column":64},"end":{"line":206,"column":69}}],"line":206},"14":{"loc":{"start":{"line":214,"column":26},"end":{"line":214,"column":64}},"type":"binary-expr","locations":[{"start":{"line":214,"column":26},"end":{"line":214,"column":60}},{"start":{"line":214,"column":60},"end":{"line":214,"column":64}}],"line":214},"15":{"loc":{"start":{"line":215,"column":14},"end":{"line":215,"column":null}},"type":"cond-expr","locations":[{"start":{"line":215,"column":44},"end":{"line":215,"column":63}},{"start":{"line":215,"column":63},"end":{"line":215,"column":null}}],"line":215},"16":{"loc":{"start":{"line":224,"column":26},"end":{"line":224,"column":64}},"type":"binary-expr","locations":[{"start":{"line":224,"column":26},"end":{"line":224,"column":60}},{"start":{"line":224,"column":60},"end":{"line":224,"column":64}}],"line":224},"17":{"loc":{"start":{"line":225,"column":14},"end":{"line":225,"column":null}},"type":"cond-expr","locations":[{"start":{"line":225,"column":44},"end":{"line":225,"column":62}},{"start":{"line":225,"column":62},"end":{"line":225,"column":null}}],"line":225},"18":{"loc":{"start":{"line":240,"column":30},"end":{"line":240,"column":72}},"type":"binary-expr","locations":[{"start":{"line":240,"column":30},"end":{"line":240,"column":67}},{"start":{"line":240,"column":67},"end":{"line":240,"column":72}}],"line":240},"19":{"loc":{"start":{"line":246,"column":28},"end":{"line":246,"column":null}},"type":"binary-expr","locations":[{"start":{"line":246,"column":28},"end":{"line":246,"column":65}},{"start":{"line":246,"column":65},"end":{"line":246,"column":null}}],"line":246},"20":{"loc":{"start":{"line":248,"column":10},"end":{"line":248,"column":null}},"type":"if","locations":[{"start":{"line":248,"column":10},"end":{"line":248,"column":null}},{"start":{},"end":{}}],"line":248},"21":{"loc":{"start":{"line":260,"column":11},"end":{"line":260,"column":52}},"type":"binary-expr","locations":[{"start":{"line":260,"column":11},"end":{"line":260,"column":48}},{"start":{"line":260,"column":48},"end":{"line":260,"column":52}}],"line":260},"22":{"loc":{"start":{"line":269,"column":26},"end":{"line":269,"column":67}},"type":"binary-expr","locations":[{"start":{"line":269,"column":26},"end":{"line":269,"column":61}},{"start":{"line":269,"column":61},"end":{"line":269,"column":67}}],"line":269},"23":{"loc":{"start":{"line":281,"column":25},"end":{"line":283,"column":null}},"type":"cond-expr","locations":[{"start":{"line":281,"column":35},"end":{"line":282,"column":null}},{"start":{"line":283,"column":14},"end":{"line":283,"column":null}}],"line":281}},"s":{"0":14,"1":14,"2":11,"3":11,"4":10,"5":27,"6":3,"7":3,"8":3,"9":3,"10":3,"11":38,"12":38,"13":4,"14":4,"15":4,"16":17,"17":17,"18":17,"19":1,"20":16,"21":9,"22":9,"23":9,"24":0,"25":9,"26":0,"27":0,"28":0,"29":0,"30":0,"31":10,"32":10,"33":10,"34":0,"35":10,"36":5,"37":5,"38":5,"39":1,"40":4,"41":1,"42":1,"43":3,"44":3,"45":12,"46":12,"47":3,"48":3,"49":3,"50":8,"51":8,"52":1,"53":1,"54":1,"55":1,"56":1,"57":1,"58":21,"59":21,"60":21,"61":8,"62":8,"63":3,"64":3,"65":3,"66":3,"67":3,"68":3,"69":3,"70":4,"71":11,"72":11,"73":2,"74":11,"75":11,"76":6,"77":6,"78":0,"79":0,"80":0,"81":12,"82":12,"83":3,"84":3,"85":0,"86":0,"87":347},"f":{"0":14,"1":11,"2":11,"3":10,"4":27,"5":3,"6":3,"7":38,"8":38,"9":4,"10":4,"11":17,"12":17,"13":9,"14":9,"15":0,"16":0,"17":10,"18":10,"19":5,"20":5,"21":1,"22":12,"23":12,"24":3,"25":3,"26":8,"27":8,"28":1,"29":1,"30":1,"31":1,"32":1,"33":1,"34":21,"35":21,"36":8,"37":8,"38":3,"39":3,"40":3,"41":4,"42":11,"43":11,"44":2,"45":6,"46":6,"47":0,"48":0,"49":12,"50":12,"51":3,"52":0,"53":0,"54":347},"b":{"0":[10,8],"1":[0,3],"2":[0,3],"3":[3,0],"4":[3,1],"5":[2,2],"6":[1,16],"7":[0,9],"8":[0,0],"9":[0,10],"10":[1,4],"11":[1,3],"12":[12,9],"13":[8,8],"14":[1,0],"15":[1,0],"16":[1,0],"17":[1,0],"18":[8,6],"19":[3,0],"20":[3,0],"21":[11,10],"22":[6,6],"23":[3,9]},"meta":{"lastBranch":24,"lastFunction":55,"lastStatement":88,"seen":{"s:68:13:297:Infinity":0,"f:70:4:70:5":0,"s:70:14:290:Infinity":1,"f:83:21:83:22":1,"s:84:8:97:Infinity":2,"f:84:12:84:13":2,"s:84:24:97:10":3,"f:88:27:88:28":3,"s:88:34:94:15":4,"b:92:28:92:62:92:62:92:Infinity":0,"f:99:24:99:25":4,"s:99:32:99:Infinity":5,"f:101:22:101:23":5,"s:102:8:122:Infinity":6,"f:102:12:102:13":6,"s:103:27:103:Infinity":7,"s:104:30:106:Infinity":8,"b:105:14:105:Infinity:106:14:106:Infinity":1,"s:107:31:109:Infinity":9,"b:108:14:108:Infinity:109:14:109:Infinity":2,"b:107:31:107:57:107:57:107:Infinity":3,"s:110:10:121:Infinity":10,"b:114:20:114:32:114:32:114:Infinity":4,"f:124:18:124:19":7,"s:125:8:127:Infinity":11,"f:125:12:125:13":8,"s:125:24:127:10":12,"f:129:21:129:22":9,"s:130:8:137:Infinity":13,"f:130:12:130:13":10,"s:131:46:131:Infinity":14,"s:132:10:136:Infinity":15,"b:135:45:135:52:135:52:135:Infinity":5,"f:139:27:139:28":11,"s:140:8:144:Infinity":16,"f:140:12:140:13":12,"s:141:20:141:Infinity":17,"b:142:10:142:Infinity:undefined:undefined:undefined:undefined":6,"s:142:10:142:Infinity":18,"s:142:18:142:Infinity":19,"s:143:10:143:Infinity":20,"f:146:26:146:27":13,"s:147:8:151:Infinity":21,"f:147:12:147:13":14,"s:148:20:148:Infinity":22,"b:149:10:149:Infinity:undefined:undefined:undefined:undefined":7,"s:149:10:149:Infinity":23,"s:149:18:149:Infinity":24,"s:150:10:150:Infinity":25,"f:153:26:153:27":15,"s:154:8:158:Infinity":26,"f:154:12:154:13":16,"s:155:20:155:Infinity":27,"b:156:10:156:Infinity:undefined:undefined:undefined:undefined":8,"s:156:10:156:Infinity":28,"s:156:18:156:Infinity":29,"s:157:10:157:Infinity":30,"f:160:21:160:22":17,"s:161:8:170:Infinity":31,"f:161:12:161:13":18,"s:162:20:162:Infinity":32,"b:163:10:163:Infinity:undefined:undefined:undefined:undefined":9,"s:163:10:163:Infinity":33,"s:163:18:163:Infinity":34,"s:164:10:169:Infinity":35,"f:172:21:172:22":19,"s:173:8:186:Infinity":36,"f:173:12:173:13":20,"s:174:20:174:Infinity":37,"b:175:10:175:Infinity:undefined:undefined:undefined:undefined":10,"s:175:10:175:Infinity":38,"s:175:18:175:Infinity":39,"b:177:10:177:Infinity:undefined:undefined:undefined:undefined":11,"s:177:10:177:Infinity":40,"f:177:30:177:31":21,"s:177:37:177:56":41,"s:177:59:177:Infinity":42,"s:178:62:178:Infinity":43,"s:179:10:185:Infinity":44,"f:188:28:188:29":22,"s:189:8:194:Infinity":45,"f:189:12:189:13":23,"s:189:24:194:10":46,"b:192:26:192:60:192:60:192:66":12,"f:196:26:196:27":24,"s:197:8:200:Infinity":47,"f:197:12:197:13":25,"s:198:53:198:Infinity":48,"s:199:10:199:Infinity":49,"f:202:23:202:24":26,"s:203:8:208:Infinity":50,"f:203:12:203:13":27,"s:203:24:208:10":51,"b:206:30:206:64:206:64:206:69":13,"f:210:28:210:29":28,"s:211:8:218:Infinity":52,"f:211:12:211:13":29,"s:211:24:218:10":53,"b:214:26:214:60:214:60:214:64":14,"f:214:68:214:69":30,"s:215:14:215:Infinity":54,"b:215:44:215:63:215:63:215:Infinity":15,"f:220:27:220:28":31,"s:221:8:228:Infinity":55,"f:221:12:221:13":32,"s:221:24:228:10":56,"b:224:26:224:60:224:60:224:64":16,"f:224:68:224:69":33,"s:225:14:225:Infinity":57,"b:225:44:225:62:225:62:225:Infinity":17,"f:230:26:230:27":34,"s:231:8:234:Infinity":58,"f:231:12:231:13":35,"s:232:53:232:Infinity":59,"s:233:10:233:Infinity":60,"f:236:26:236:27":36,"s:237:8:242:Infinity":61,"f:237:12:237:13":37,"s:237:24:242:10":62,"b:240:30:240:67:240:67:240:72":18,"f:244:23:244:24":38,"s:245:8:255:Infinity":63,"f:245:12:245:13":39,"s:246:28:246:Infinity":64,"b:246:28:246:65:246:65:246:Infinity":19,"s:247:25:247:Infinity":65,"f:247:40:247:41":40,"s:247:47:247:74":66,"b:248:10:248:Infinity:undefined:undefined:undefined:undefined":20,"s:248:10:248:Infinity":67,"s:248:22:248:Infinity":68,"s:249:10:254:Infinity":69,"f:252:44:252:45":41,"s:252:51:252:78":70,"f:257:29:257:30":42,"s:258:8:263:Infinity":71,"f:258:12:258:13":43,"s:260:10:260:Infinity":72,"b:260:11:260:48:260:48:260:52":21,"f:260:60:260:61":44,"s:260:67:260:83":73,"s:261:53:261:Infinity":74,"s:262:10:262:Infinity":75,"f:265:28:265:29":45,"s:266:8:271:Infinity":76,"f:266:12:266:13":46,"s:266:24:271:10":77,"b:269:26:269:61:269:61:269:67":22,"f:273:27:273:28":47,"s:274:8:277:Infinity":78,"f:274:12:274:13":48,"s:275:53:275:Infinity":79,"s:276:10:276:Infinity":80,"f:279:23:279:24":49,"s:280:8:284:Infinity":81,"f:280:12:280:13":50,"s:280:24:284:10":82,"b:281:35:282:Infinity:283:14:283:Infinity":23,"f:282:15:282:21":51,"s:282:59:282:80":83,"s:282:80:282:93":84,"f:286:24:286:25":52,"s:287:8:289:Infinity":85,"f:287:12:287:13":53,"s:287:24:289:10":86,"f:294:18:294:19":54,"s:294:30:294:Infinity":87}}}
,"/Users/dkanbora/personal/AIchemist-ui/src/test/mocks/electronAPI.ts": {"path":"/Users/dkanbora/personal/AIchemist-ui/src/test/mocks/electronAPI.ts","statementMap":{"0":{"start":{"line":9,"column":2},"end":{"line":60,"column":null}}},"fnMap":{"0":{"name":"createElectronAPIMock","decl":{"start":{"line":8,"column":16},"end":{"line":8,"column":63}},"loc":{"start":{"line":8,"column":63},"end":{"line":61,"column":null}},"line":8}},"branchMap":{},"s":{"0":137},"f":{"0":137},"b":{},"meta":{"lastBranch":0,"lastFunction":1,"lastStatement":1,"seen":{"f:8:16:8:63":0,"s:9:2:60:Infinity":0}}}
,"/Users/dkanbora/personal/AIchemist-ui/src/test/utils/renderWithProviders.tsx": {"path":"/Users/dkanbora/personal/AIchemist-ui/src/test/utils/renderWithProviders.tsx","statementMap":{"0":{"start":{"line":6,"column":2},"end":{"line":6,"column":null}},"1":{"start":{"line":17,"column":2},"end":{"line":17,"column":null}}},"fnMap":{"0":{"name":"Providers","decl":{"start":{"line":5,"column":9},"end":{"line":5,"column":19}},"loc":{"start":{"line":5,"column":64},"end":{"line":7,"column":null}},"line":5},"1":{"name":"renderWithProviders","decl":{"start":{"line":13,"column":16},"end":{"line":13,"column":null}},"loc":{"start":{"line":16,"column":2},"end":{"line":18,"column":null}},"line":16}},"branchMap":{},"s":{"0":18,"1":18},"f":{"0":18,"1":18},"b":{},"meta":{"lastBranch":0,"lastFunction":2,"lastStatement":2,"seen":{"f:5:9:5:19":0,"s:6:2:6:Infinity":0,"f:13:16:13:Infinity":1,"s:17:2:17:Infinity":1}}}
}
